[ 2013-08-23T20:30:05+08:00 ] 127.0.0.1 /Company/loginDo
INFO: [ app_begin ] --START--
INFO: ReadHtmlCache Behavior ::run [ RunTime:0.001263s ]
INFO: [ app_begin ] --END-- [ RunTime:0.011937s ]
NOTIC: [8] A session had already been started - ignoring session_start() C:\wamp\www\InterWork\Web\ThinkPHP\Common\functions.php 第 566 行.
SQL: SHOW COLUMNS FROM `jz_user` [ RunTime:0.096171s ]
NOTIC: 建议使用I方法替代_post
SQL: SELECT * FROM `jz_user` WHERE ( `email` = 'acm@sjtu.edu.cn' ) LIMIT 1   [ RunTime:0.002991s ]
NOTIC: 建议使用I方法替代_post

[ 2013-08-23T20:30:08+08:00 ] 127.0.0.1 /Company/loginDo
INFO: [ app_begin ] --START--
INFO: ReadHtmlCache Behavior ::run [ RunTime:0.001236s ]
INFO: [ app_begin ] --END-- [ RunTime:0.001656s ]
NOTIC: [8] A session had already been started - ignoring session_start() C:\wamp\www\InterWork\Web\ThinkPHP\Common\functions.php 第 566 行.
SQL: SHOW COLUMNS FROM `jz_user` [ RunTime:0.005802s ]
NOTIC: 建议使用I方法替代_post
SQL: SELECT * FROM `jz_user` WHERE ( `email` = 'acm@sjtu.edu.cn' ) LIMIT 1   [ RunTime:0.000473s ]
NOTIC: 建议使用I方法替代_post
SQL: SHOW COLUMNS FROM `jz_company` [ RunTime:0.029751s ]
SQL: SELECT * FROM `jz_company` WHERE ( `company_id` = 2 ) LIMIT 1   [ RunTime:0.000480s ]

[ 2013-08-23T20:30:30+08:00 ] 127.0.0.1 /rms/rms_talent/new
ERR: 非法操作:new

