[ 2013-08-11T00:11:22+08:00 ] 127.0.0.1 /sys/sys_system/companyInfoEditDo.html
INFO: [ app_begin ] --START--
INFO: ReadHtmlCache Behavior ::run [ RunTime:0.001366s ]
INFO: [ app_begin ] --END-- [ RunTime:0.001556s ]
NOTIC: [8] A session had already been started - ignoring session_start() C:\wamp\www\InterWork\Web\ThinkPHP\Common\functions.php 第 566 行.
SQL: SHOW COLUMNS FROM `jz_company` [ RunTime:0.005376s ]
SQL: SELECT * FROM `jz_company` WHERE ( `realname` = '上海交通大学ACM班' ) LIMIT 1   [ RunTime:0.000443s ]
SQL: SELECT * FROM `jz_company` WHERE ( `email` = 'acm@sjtu.edu.cn' ) LIMIT 1   [ RunTime:0.000384s ]
SQL: UPDATE `jz_company` SET `realname`='上海交通大学ACM班',`email`='acm@sjtu.edu.cn',`contact_name`='俞勇',`phone`='15216708847' WHERE ( `company_id` = 2 ) [ RunTime:0.062120s ]

[ 2013-08-11T00:11:30+08:00 ] 127.0.0.1 /sys/sys_system/companyInfoEditDo.html
INFO: [ app_begin ] --START--
INFO: ReadHtmlCache Behavior ::run [ RunTime:0.001716s ]
INFO: [ app_begin ] --END-- [ RunTime:0.001996s ]
NOTIC: [8] A session had already been started - ignoring session_start() C:\wamp\www\InterWork\Web\ThinkPHP\Common\functions.php 第 566 行.
SQL: SHOW COLUMNS FROM `jz_company` [ RunTime:0.005337s ]
SQL: SELECT * FROM `jz_company` WHERE ( `realname` = '上海交通大学ACM班' ) LIMIT 1   [ RunTime:0.000474s ]
SQL: SELECT * FROM `jz_company` WHERE ( `email` = 'acm@sjtu.edu.cn' ) LIMIT 1   [ RunTime:0.000381s ]

[ 2013-08-11T00:11:42+08:00 ] 127.0.0.1 /sys/sys_system/companyInfoEditDo.html
INFO: [ app_begin ] --START--
INFO: ReadHtmlCache Behavior ::run [ RunTime:0.002304s ]
INFO: [ app_begin ] --END-- [ RunTime:0.002564s ]
NOTIC: [8] A session had already been started - ignoring session_start() C:\wamp\www\InterWork\Web\ThinkPHP\Common\functions.php 第 566 行.
SQL: SHOW COLUMNS FROM `jz_company` [ RunTime:0.007431s ]
SQL: SELECT * FROM `jz_company` WHERE ( `realname` = '上海交通大学ACM班1' ) LIMIT 1   [ RunTime:0.000504s ]
SQL: SELECT * FROM `jz_company` WHERE ( `email` = 'acm@sjtu.edu.cn2' ) LIMIT 1   [ RunTime:0.000378s ]
SQL: UPDATE `jz_company` SET `realname`='上海交通大学ACM班1',`email`='acm@sjtu.edu.cn2',`contact_name`='俞勇',`phone`='15216708847' WHERE ( `company_id` = 2 ) [ RunTime:0.091007s ]

[ 2013-08-11T00:11:59+08:00 ] 127.0.0.1 /sys/sys_system/companyInfoEditDo.html
INFO: [ app_begin ] --START--
INFO: ReadHtmlCache Behavior ::run [ RunTime:0.001225s ]
INFO: [ app_begin ] --END-- [ RunTime:0.001475s ]
NOTIC: [8] A session had already been started - ignoring session_start() C:\wamp\www\InterWork\Web\ThinkPHP\Common\functions.php 第 566 行.
SQL: SHOW COLUMNS FROM `jz_company` [ RunTime:0.005558s ]
SQL: SELECT * FROM `jz_company` WHERE ( `realname` = '上海交通大学ACM班1' ) LIMIT 1   [ RunTime:0.000433s ]
SQL: SELECT * FROM `jz_company` WHERE ( `email` = 'acm@sjtu.edu.cn2' ) LIMIT 1   [ RunTime:0.000444s ]

[ 2013-08-11T00:12:11+08:00 ] 127.0.0.1 /sys/sys_system/companyInfoEditDo.html
INFO: [ app_begin ] --START--
INFO: ReadHtmlCache Behavior ::run [ RunTime:0.001893s ]
INFO: [ app_begin ] --END-- [ RunTime:0.002113s ]
NOTIC: [8] A session had already been started - ignoring session_start() C:\wamp\www\InterWork\Web\ThinkPHP\Common\functions.php 第 566 行.
SQL: SHOW COLUMNS FROM `jz_company` [ RunTime:0.005516s ]
SQL: SELECT * FROM `jz_company` WHERE ( `realname` = '上海交通大学ACM班1' ) LIMIT 1   [ RunTime:0.000427s ]
SQL: SELECT * FROM `jz_company` WHERE ( `email` = 'acm@sjtu.edu.cn2' ) LIMIT 1   [ RunTime:0.000333s ]

[ 2013-08-11T00:12:13+08:00 ] 127.0.0.1 /sys/sys_system/companyInfoEditDo.html
INFO: [ app_begin ] --START--
INFO: ReadHtmlCache Behavior ::run [ RunTime:0.001336s ]
INFO: [ app_begin ] --END-- [ RunTime:0.001535s ]
NOTIC: [8] A session had already been started - ignoring session_start() C:\wamp\www\InterWork\Web\ThinkPHP\Common\functions.php 第 566 行.
SQL: SHOW COLUMNS FROM `jz_company` [ RunTime:0.006477s ]
SQL: SELECT * FROM `jz_company` WHERE ( `realname` = '上海交通大学ACM班1' ) LIMIT 1   [ RunTime:0.000534s ]
SQL: SELECT * FROM `jz_company` WHERE ( `email` = 'acm@sjtu.edu.cn2' ) LIMIT 1   [ RunTime:0.000529s ]

[ 2013-08-11T00:12:14+08:00 ] 127.0.0.1 /sys/sys_system/companyInfoEditDo.html
INFO: [ app_begin ] --START--
INFO: ReadHtmlCache Behavior ::run [ RunTime:0.001477s ]
INFO: [ app_begin ] --END-- [ RunTime:0.001750s ]
NOTIC: [8] A session had already been started - ignoring session_start() C:\wamp\www\InterWork\Web\ThinkPHP\Common\functions.php 第 566 行.
SQL: SHOW COLUMNS FROM `jz_company` [ RunTime:0.005574s ]
SQL: SELECT * FROM `jz_company` WHERE ( `realname` = '上海交通大学ACM班1' ) LIMIT 1   [ RunTime:0.000602s ]
SQL: SELECT * FROM `jz_company` WHERE ( `email` = 'acm@sjtu.edu.cn2' ) LIMIT 1   [ RunTime:0.000692s ]

[ 2013-08-11T00:12:16+08:00 ] 127.0.0.1 /sys/sys_system/companyInfoEditDo.html
INFO: [ app_begin ] --START--
INFO: ReadHtmlCache Behavior ::run [ RunTime:0.001409s ]
INFO: [ app_begin ] --END-- [ RunTime:0.001626s ]
NOTIC: [8] A session had already been started - ignoring session_start() C:\wamp\www\InterWork\Web\ThinkPHP\Common\functions.php 第 566 行.
SQL: SHOW COLUMNS FROM `jz_company` [ RunTime:0.005570s ]
SQL: SELECT * FROM `jz_company` WHERE ( `realname` = '上海交通大学ACM班1' ) LIMIT 1   [ RunTime:0.000429s ]
SQL: SELECT * FROM `jz_company` WHERE ( `email` = 'acm@sjtu.edu.cn2' ) LIMIT 1   [ RunTime:0.000342s ]

[ 2013-08-11T00:12:17+08:00 ] 127.0.0.1 /sys/sys_system/companyInfoEditDo.html
INFO: [ app_begin ] --START--
INFO: ReadHtmlCache Behavior ::run [ RunTime:0.001269s ]
INFO: [ app_begin ] --END-- [ RunTime:0.001494s ]
NOTIC: [8] A session had already been started - ignoring session_start() C:\wamp\www\InterWork\Web\ThinkPHP\Common\functions.php 第 566 行.
SQL: SHOW COLUMNS FROM `jz_company` [ RunTime:0.005400s ]
SQL: SELECT * FROM `jz_company` WHERE ( `realname` = '上海交通大学ACM班1' ) LIMIT 1   [ RunTime:0.000509s ]
SQL: SELECT * FROM `jz_company` WHERE ( `email` = 'acm@sjtu.edu.cn2' ) LIMIT 1   [ RunTime:0.000364s ]

[ 2013-08-11T00:12:18+08:00 ] 127.0.0.1 /sys/sys_system/companyInfoEditDo.html
INFO: [ app_begin ] --START--
INFO: ReadHtmlCache Behavior ::run [ RunTime:0.001213s ]
INFO: [ app_begin ] --END-- [ RunTime:0.001453s ]
NOTIC: [8] A session had already been started - ignoring session_start() C:\wamp\www\InterWork\Web\ThinkPHP\Common\functions.php 第 566 行.
SQL: SHOW COLUMNS FROM `jz_company` [ RunTime:0.005519s ]
SQL: SELECT * FROM `jz_company` WHERE ( `realname` = '上海交通大学ACM班1' ) LIMIT 1   [ RunTime:0.000494s ]
SQL: SELECT * FROM `jz_company` WHERE ( `email` = 'acm@sjtu.edu.cn2' ) LIMIT 1   [ RunTime:0.000448s ]

[ 2013-08-11T00:12:19+08:00 ] 127.0.0.1 /sys/sys_system/companyInfoEditDo.html
INFO: [ app_begin ] --START--
INFO: ReadHtmlCache Behavior ::run [ RunTime:0.001356s ]
INFO: [ app_begin ] --END-- [ RunTime:0.001599s ]
NOTIC: [8] A session had already been started - ignoring session_start() C:\wamp\www\InterWork\Web\ThinkPHP\Common\functions.php 第 566 行.
SQL: SHOW COLUMNS FROM `jz_company` [ RunTime:0.005601s ]
SQL: SELECT * FROM `jz_company` WHERE ( `realname` = '上海交通大学ACM班1' ) LIMIT 1   [ RunTime:0.000783s ]
SQL: SELECT * FROM `jz_company` WHERE ( `email` = 'acm@sjtu.edu.cn2' ) LIMIT 1   [ RunTime:0.000413s ]

[ 2013-08-11T00:12:20+08:00 ] 127.0.0.1 /sys/sys_system/companyInfoEditDo.html
INFO: [ app_begin ] --START--
INFO: ReadHtmlCache Behavior ::run [ RunTime:0.001288s ]
INFO: [ app_begin ] --END-- [ RunTime:0.001484s ]
NOTIC: [8] A session had already been started - ignoring session_start() C:\wamp\www\InterWork\Web\ThinkPHP\Common\functions.php 第 566 行.
SQL: SHOW COLUMNS FROM `jz_company` [ RunTime:0.005599s ]
SQL: SELECT * FROM `jz_company` WHERE ( `realname` = '上海交通大学ACM班1' ) LIMIT 1   [ RunTime:0.000513s ]
SQL: SELECT * FROM `jz_company` WHERE ( `email` = 'acm@sjtu.edu.cn2' ) LIMIT 1   [ RunTime:0.000680s ]

[ 2013-08-11T00:12:21+08:00 ] 127.0.0.1 /sys/sys_system/companyInfoEditDo.html
INFO: [ app_begin ] --START--
INFO: ReadHtmlCache Behavior ::run [ RunTime:0.001490s ]
INFO: [ app_begin ] --END-- [ RunTime:0.001690s ]
NOTIC: [8] A session had already been started - ignoring session_start() C:\wamp\www\InterWork\Web\ThinkPHP\Common\functions.php 第 566 行.
SQL: SHOW COLUMNS FROM `jz_company` [ RunTime:0.005618s ]
SQL: SELECT * FROM `jz_company` WHERE ( `realname` = '上海交通大学ACM班1' ) LIMIT 1   [ RunTime:0.000470s ]
SQL: SELECT * FROM `jz_company` WHERE ( `email` = 'acm@sjtu.edu.cn2' ) LIMIT 1   [ RunTime:0.000363s ]

[ 2013-08-11T00:13:18+08:00 ] 127.0.0.1 /sys/sys_system/companyInfoEditDo.html
INFO: [ app_begin ] --START--
INFO: ReadHtmlCache Behavior ::run [ RunTime:0.001328s ]
INFO: [ app_begin ] --END-- [ RunTime:0.001612s ]
NOTIC: [8] A session had already been started - ignoring session_start() C:\wamp\www\InterWork\Web\ThinkPHP\Common\functions.php 第 566 行.
SQL: SHOW COLUMNS FROM `jz_company` [ RunTime:0.006071s ]
SQL: SELECT * FROM `jz_company` WHERE ( `realname` = '上海交通大学ACM班1' ) LIMIT 1   [ RunTime:0.000439s ]
SQL: SELECT * FROM `jz_company` WHERE ( `email` = 'acm@sjtu.edu.cn2' ) LIMIT 1   [ RunTime:0.000442s ]

[ 2013-08-11T00:13:51+08:00 ] 127.0.0.1 /sys/sys_system/companyInfoEditDo.html
INFO: [ app_begin ] --START--
INFO: ReadHtmlCache Behavior ::run [ RunTime:0.001234s ]
INFO: [ app_begin ] --END-- [ RunTime:0.001538s ]
NOTIC: [8] A session had already been started - ignoring session_start() C:\wamp\www\InterWork\Web\ThinkPHP\Common\functions.php 第 566 行.
SQL: SHOW COLUMNS FROM `jz_company` [ RunTime:0.005327s ]
SQL: SELECT * FROM `jz_company` WHERE ( `realname` = '上海交通大学ACM班1' ) AND ( `company_id` <> '2' ) LIMIT 1   [ RunTime:0.000554s ]
SQL: SELECT * FROM `jz_company` WHERE ( `email` = 'acm@sjtu.edu.cn2' ) AND ( `company_id` <> '2' ) LIMIT 1   [ RunTime:0.000483s ]
SQL: UPDATE `jz_company` SET `realname`='上海交通大学ACM班1',`email`='acm@sjtu.edu.cn2',`contact_name`='俞勇',`phone`='15216708847' WHERE ( `company_id` = 2 ) [ RunTime:0.085304s ]

[ 2013-08-11T00:13:54+08:00 ] 127.0.0.1 /sys/sys_system/companyInfoEditDo.html
INFO: [ app_begin ] --START--
INFO: ReadHtmlCache Behavior ::run [ RunTime:0.001875s ]
INFO: [ app_begin ] --END-- [ RunTime:0.002105s ]
NOTIC: [8] A session had already been started - ignoring session_start() C:\wamp\www\InterWork\Web\ThinkPHP\Common\functions.php 第 566 行.
SQL: SHOW COLUMNS FROM `jz_company` [ RunTime:0.005334s ]
SQL: SELECT * FROM `jz_company` WHERE ( `realname` = '上海交通大学ACM班1' ) AND ( `company_id` <> '2' ) LIMIT 1   [ RunTime:0.000988s ]
SQL: SELECT * FROM `jz_company` WHERE ( `email` = 'acm@sjtu.edu.cn2' ) AND ( `company_id` <> '2' ) LIMIT 1   [ RunTime:0.000573s ]
SQL: UPDATE `jz_company` SET `realname`='上海交通大学ACM班1',`email`='acm@sjtu.edu.cn2',`contact_name`='俞勇',`phone`='15216708847' WHERE ( `company_id` = 2 ) [ RunTime:0.123046s ]

[ 2013-08-11T00:13:55+08:00 ] 127.0.0.1 /sys/sys_system/companyInfoEditDo.html
INFO: [ app_begin ] --START--
INFO: ReadHtmlCache Behavior ::run [ RunTime:0.001716s ]
INFO: [ app_begin ] --END-- [ RunTime:0.001981s ]
NOTIC: [8] A session had already been started - ignoring session_start() C:\wamp\www\InterWork\Web\ThinkPHP\Common\functions.php 第 566 行.
SQL: SHOW COLUMNS FROM `jz_company` [ RunTime:0.006116s ]
SQL: SELECT * FROM `jz_company` WHERE ( `realname` = '上海交通大学ACM班1' ) AND ( `company_id` <> '2' ) LIMIT 1   [ RunTime:0.001064s ]
SQL: SELECT * FROM `jz_company` WHERE ( `email` = 'acm@sjtu.edu.cn2' ) AND ( `company_id` <> '2' ) LIMIT 1   [ RunTime:0.000872s ]
SQL: UPDATE `jz_company` SET `realname`='上海交通大学ACM班1',`email`='acm@sjtu.edu.cn2',`contact_name`='俞勇1',`phone`='15216708847' WHERE ( `company_id` = 2 ) [ RunTime:0.070782s ]

[ 2013-08-11T00:14:02+08:00 ] 127.0.0.1 /sys/sys_system/companyInfoEditDo.html
INFO: [ app_begin ] --START--
INFO: ReadHtmlCache Behavior ::run [ RunTime:0.001737s ]
INFO: [ app_begin ] --END-- [ RunTime:0.001985s ]
NOTIC: [8] A session had already been started - ignoring session_start() C:\wamp\www\InterWork\Web\ThinkPHP\Common\functions.php 第 566 行.
SQL: SHOW COLUMNS FROM `jz_company` [ RunTime:0.009513s ]
SQL: SELECT * FROM `jz_company` WHERE ( `realname` = '上海维秦信息科技有限公司' ) AND ( `company_id` <> '2' ) LIMIT 1   [ RunTime:0.000888s ]
SQL: SELECT * FROM `jz_company` WHERE ( `email` = 'acm@sjtu.edu.cn2' ) AND ( `company_id` <> '2' ) LIMIT 1   [ RunTime:0.000568s ]

[ 2013-08-11T00:14:06+08:00 ] 127.0.0.1 /sys/sys_system/companyInfoEditDo.html
INFO: [ app_begin ] --START--
INFO: ReadHtmlCache Behavior ::run [ RunTime:0.001562s ]
INFO: [ app_begin ] --END-- [ RunTime:0.001921s ]
NOTIC: [8] A session had already been started - ignoring session_start() C:\wamp\www\InterWork\Web\ThinkPHP\Common\functions.php 第 566 行.
SQL: SHOW COLUMNS FROM `jz_company` [ RunTime:0.005457s ]
SQL: SELECT * FROM `jz_company` WHERE ( `realname` = '上海交通大学ACM班1' ) AND ( `company_id` <> '2' ) LIMIT 1   [ RunTime:0.000531s ]
SQL: SELECT * FROM `jz_company` WHERE ( `email` = 'acm@sjtu.edu.cn2' ) AND ( `company_id` <> '2' ) LIMIT 1   [ RunTime:0.000447s ]
SQL: UPDATE `jz_company` SET `realname`='上海交通大学ACM班1',`email`='acm@sjtu.edu.cn2',`contact_name`='俞勇1',`phone`='15216708847' WHERE ( `company_id` = 2 ) [ RunTime:0.070534s ]

[ 2013-08-11T00:14:08+08:00 ] 127.0.0.1 /sys/sys_system/companyInfoEditDo.html
INFO: [ app_begin ] --START--
INFO: ReadHtmlCache Behavior ::run [ RunTime:0.001672s ]
INFO: [ app_begin ] --END-- [ RunTime:0.001920s ]
NOTIC: [8] A session had already been started - ignoring session_start() C:\wamp\www\InterWork\Web\ThinkPHP\Common\functions.php 第 566 行.
SQL: SHOW COLUMNS FROM `jz_company` [ RunTime:0.005969s ]
SQL: SELECT * FROM `jz_company` WHERE ( `realname` = '上海交通大学ACM班1' ) AND ( `company_id` <> '2' ) LIMIT 1   [ RunTime:0.000722s ]
SQL: SELECT * FROM `jz_company` WHERE ( `email` = 'acm@sjtu.edu.cn2' ) AND ( `company_id` <> '2' ) LIMIT 1   [ RunTime:0.000586s ]
SQL: UPDATE `jz_company` SET `realname`='上海交通大学ACM班1',`email`='acm@sjtu.edu.cn2',`contact_name`='俞勇1',`phone`='15216708847' WHERE ( `company_id` = 2 ) [ RunTime:0.091768s ]

[ 2013-08-11T00:14:21+08:00 ] 127.0.0.1 /sys/sys_system/companyInfoEditDo.html
INFO: [ app_begin ] --START--
INFO: ReadHtmlCache Behavior ::run [ RunTime:0.001217s ]
INFO: [ app_begin ] --END-- [ RunTime:0.001408s ]
NOTIC: [8] A session had already been started - ignoring session_start() C:\wamp\www\InterWork\Web\ThinkPHP\Common\functions.php 第 566 行.
SQL: SHOW COLUMNS FROM `jz_company` [ RunTime:0.006302s ]
SQL: SELECT * FROM `jz_company` WHERE ( `realname` = '上海交通大学ACM班1' ) AND ( `company_id` <> '2' ) LIMIT 1   [ RunTime:0.000586s ]
SQL: SELECT * FROM `jz_company` WHERE ( `email` = 'acm@sjtu.edu.cn2' ) AND ( `company_id` <> '2' ) LIMIT 1   [ RunTime:0.000415s ]
SQL: UPDATE `jz_company` SET `realname`='上海交通大学ACM班1',`email`='acm@sjtu.edu.cn2',`contact_name`='俞勇1',`phone`='15216708847' WHERE ( `company_id` = 2 ) [ RunTime:0.073614s ]

[ 2013-08-11T00:14:54+08:00 ] 127.0.0.1 /sys/sys_system/companyInfoEditDo.html
INFO: [ app_begin ] --START--
INFO: ReadHtmlCache Behavior ::run [ RunTime:0.001173s ]
INFO: [ app_begin ] --END-- [ RunTime:0.001368s ]
NOTIC: [8] A session had already been started - ignoring session_start() C:\wamp\www\InterWork\Web\ThinkPHP\Common\functions.php 第 566 行.
SQL: SHOW COLUMNS FROM `jz_company` [ RunTime:0.006283s ]
SQL: SELECT * FROM `jz_company` WHERE ( `realname` = '上海交通大学ACM班1' ) AND ( `company_id` <> '2' ) LIMIT 1   [ RunTime:0.001142s ]
SQL: SELECT * FROM `jz_company` WHERE ( `email` = 'acm@sjtu.edu.cn2' ) AND ( `company_id` <> '2' ) LIMIT 1   [ RunTime:0.002142s ]
SQL: UPDATE `jz_company` SET `realname`='上海交通大学ACM班1',`email`='acm@sjtu.edu.cn2',`contact_name`='俞勇1',`phone`='15216708847' WHERE ( `company_id` = 2 ) [ RunTime:0.063163s ]

[ 2013-08-11T00:14:58+08:00 ] 127.0.0.1 /sys/sys_system/companyInfoEditDo.html
INFO: [ app_begin ] --START--
INFO: ReadHtmlCache Behavior ::run [ RunTime:0.001403s ]
INFO: [ app_begin ] --END-- [ RunTime:0.001591s ]
NOTIC: [8] A session had already been started - ignoring session_start() C:\wamp\www\InterWork\Web\ThinkPHP\Common\functions.php 第 566 行.
SQL: SHOW COLUMNS FROM `jz_company` [ RunTime:0.005544s ]
SQL: SELECT * FROM `jz_company` WHERE ( `realname` = '上海交通大学ACM班1' ) AND ( `company_id` <> '2' ) LIMIT 1   [ RunTime:0.000612s ]
SQL: SELECT * FROM `jz_company` WHERE ( `email` = 'acm@sjtu.edu.cn2' ) AND ( `company_id` <> '2' ) LIMIT 1   [ RunTime:0.000427s ]
SQL: UPDATE `jz_company` SET `realname`='上海交通大学ACM班1',`email`='acm@sjtu.edu.cn2',`contact_name`='俞勇1',`phone`='15216708847' WHERE ( `company_id` = 2 ) [ RunTime:0.094834s ]

[ 2013-08-11T00:15:12+08:00 ] 127.0.0.1 /sys/sys_system/companyInfoEditDo.html
INFO: [ app_begin ] --START--
INFO: ReadHtmlCache Behavior ::run [ RunTime:0.001661s ]
INFO: [ app_begin ] --END-- [ RunTime:0.001857s ]
NOTIC: [8] A session had already been started - ignoring session_start() C:\wamp\www\InterWork\Web\ThinkPHP\Common\functions.php 第 566 行.
SQL: SHOW COLUMNS FROM `jz_company` [ RunTime:0.005891s ]
SQL: SELECT * FROM `jz_company` WHERE ( `realname` = '上海交通大学ACM班1' ) AND ( `company_id` <> '2' ) LIMIT 1   [ RunTime:0.000737s ]
SQL: SELECT * FROM `jz_company` WHERE ( `email` = 'acm@sjtu.edu.cn2' ) AND ( `company_id` <> '2' ) LIMIT 1   [ RunTime:0.000472s ]
SQL: UPDATE `jz_company` SET `realname`='上海交通大学ACM班1',`email`='acm@sjtu.edu.cn2',`contact_name`='俞勇1',`phone`='15216708847' WHERE ( `company_id` = 2 ) [ RunTime:0.080376s ]

[ 2013-08-11T00:15:21+08:00 ] 127.0.0.1 /sys/sys_system/companyInfoEditDo.html
INFO: [ app_begin ] --START--
INFO: ReadHtmlCache Behavior ::run [ RunTime:0.001211s ]
INFO: [ app_begin ] --END-- [ RunTime:0.001404s ]
NOTIC: [8] A session had already been started - ignoring session_start() C:\wamp\www\InterWork\Web\ThinkPHP\Common\functions.php 第 566 行.
SQL: SHOW COLUMNS FROM `jz_company` [ RunTime:0.005537s ]
SQL: SELECT * FROM `jz_company` WHERE ( `realname` = '上海交通大学ACM班1' ) AND ( `company_id` <> '2' ) LIMIT 1   [ RunTime:0.000623s ]
SQL: SELECT * FROM `jz_company` WHERE ( `email` = 'acm@sjtu.edu.cn2' ) AND ( `company_id` <> '2' ) LIMIT 1   [ RunTime:0.000501s ]
SQL: UPDATE `jz_company` SET `realname`='上海交通大学ACM班1',`email`='acm@sjtu.edu.cn2',`contact_name`='俞勇1',`phone`='15216708847' WHERE ( `company_id` = 2 ) [ RunTime:0.110840s ]

[ 2013-08-11T00:15:28+08:00 ] 127.0.0.1 /sys/sys_system/companyInfoEditDo.html
INFO: [ app_begin ] --START--
INFO: ReadHtmlCache Behavior ::run [ RunTime:0.001487s ]
INFO: [ app_begin ] --END-- [ RunTime:0.001706s ]
NOTIC: [8] A session had already been started - ignoring session_start() C:\wamp\www\InterWork\Web\ThinkPHP\Common\functions.php 第 566 行.
SQL: SHOW COLUMNS FROM `jz_company` [ RunTime:0.006220s ]
SQL: SELECT * FROM `jz_company` WHERE ( `realname` = '上海交通大学ACM班1' ) AND ( `company_id` <> '2' ) LIMIT 1   [ RunTime:0.000764s ]
SQL: SELECT * FROM `jz_company` WHERE ( `email` = 'acm@sjtu.edu.cn2' ) AND ( `company_id` <> '2' ) LIMIT 1   [ RunTime:0.000634s ]
SQL: UPDATE `jz_company` SET `realname`='上海交通大学ACM班1',`email`='acm@sjtu.edu.cn2',`contact_name`='俞勇1',`phone`='15216708847' WHERE ( `company_id` = 2 ) [ RunTime:0.111516s ]

[ 2013-08-11T00:15:47+08:00 ] 127.0.0.1 /sys/sys_system/companyInfoEditDo.html
INFO: [ app_begin ] --START--
INFO: ReadHtmlCache Behavior ::run [ RunTime:0.001384s ]
INFO: [ app_begin ] --END-- [ RunTime:0.001599s ]
NOTIC: [8] A session had already been started - ignoring session_start() C:\wamp\www\InterWork\Web\ThinkPHP\Common\functions.php 第 566 行.
SQL: SHOW COLUMNS FROM `jz_company` [ RunTime:0.005393s ]
SQL: SELECT * FROM `jz_company` WHERE ( `realname` = '上海交通大学ACM班1' ) AND ( `company_id` <> '2' ) LIMIT 1   [ RunTime:0.000536s ]
SQL: SELECT * FROM `jz_company` WHERE ( `email` = 'acm@sjtu.edu.cn2' ) AND ( `company_id` <> '2' ) LIMIT 1   [ RunTime:0.000546s ]
SQL: UPDATE `jz_company` SET `realname`='上海交通大学ACM班1',`email`='acm@sjtu.edu.cn2',`contact_name`='俞勇1',`phone`='15216708847' WHERE ( `company_id` = 2 ) [ RunTime:0.085733s ]

[ 2013-08-11T00:16:01+08:00 ] 127.0.0.1 /sys/sys_system/companyInfoEditDo.html
INFO: [ app_begin ] --START--
INFO: ReadHtmlCache Behavior ::run [ RunTime:0.001308s ]
INFO: [ app_begin ] --END-- [ RunTime:0.001500s ]
NOTIC: [8] A session had already been started - ignoring session_start() C:\wamp\www\InterWork\Web\ThinkPHP\Common\functions.php 第 566 行.
SQL: SHOW COLUMNS FROM `jz_company` [ RunTime:0.005911s ]
SQL: SELECT * FROM `jz_company` WHERE ( `realname` = '上海交通大学ACM班1' ) AND ( `company_id` <> '2' ) LIMIT 1   [ RunTime:0.000936s ]
SQL: SELECT * FROM `jz_company` WHERE ( `email` = 'acm@sjtu.edu.cn2' ) AND ( `company_id` <> '2' ) LIMIT 1   [ RunTime:0.000568s ]
SQL: UPDATE `jz_company` SET `realname`='上海交通大学ACM班1',`email`='acm@sjtu.edu.cn2',`contact_name`='俞勇1',`phone`='15216708847' WHERE ( `company_id` = 2 ) [ RunTime:0.085199s ]

[ 2013-08-11T00:16:04+08:00 ] 127.0.0.1 /sys/sys_system/companyInfoEditDo.html
INFO: [ app_begin ] --START--
INFO: ReadHtmlCache Behavior ::run [ RunTime:0.001425s ]
INFO: [ app_begin ] --END-- [ RunTime:0.001624s ]
NOTIC: [8] A session had already been started - ignoring session_start() C:\wamp\www\InterWork\Web\ThinkPHP\Common\functions.php 第 566 行.
SQL: SHOW COLUMNS FROM `jz_company` [ RunTime:0.005446s ]
SQL: SELECT * FROM `jz_company` WHERE ( `realname` = '上海交通大学ACM班' ) AND ( `company_id` <> '2' ) LIMIT 1   [ RunTime:0.000541s ]
SQL: SELECT * FROM `jz_company` WHERE ( `email` = 'acm@sjtu.edu.cn2' ) AND ( `company_id` <> '2' ) LIMIT 1   [ RunTime:0.000457s ]
SQL: UPDATE `jz_company` SET `realname`='上海交通大学ACM班',`email`='acm@sjtu.edu.cn2',`contact_name`='俞勇',`phone`='15216708847' WHERE ( `company_id` = 2 ) [ RunTime:0.087829s ]

[ 2013-08-11T00:16:08+08:00 ] 127.0.0.1 /sys/sys_system/companyInfoEditDo.html
INFO: [ app_begin ] --START--
INFO: ReadHtmlCache Behavior ::run [ RunTime:0.001402s ]
INFO: [ app_begin ] --END-- [ RunTime:0.001607s ]
NOTIC: [8] A session had already been started - ignoring session_start() C:\wamp\www\InterWork\Web\ThinkPHP\Common\functions.php 第 566 行.
SQL: SHOW COLUMNS FROM `jz_company` [ RunTime:0.007161s ]
SQL: SELECT * FROM `jz_company` WHERE ( `realname` = '上海交通大学ACM班' ) AND ( `company_id` <> '2' ) LIMIT 1   [ RunTime:0.000715s ]
SQL: SELECT * FROM `jz_company` WHERE ( `email` = 'acm@sjtu.edu.cn' ) AND ( `company_id` <> '2' ) LIMIT 1   [ RunTime:0.000734s ]
SQL: UPDATE `jz_company` SET `realname`='上海交通大学ACM班',`email`='acm@sjtu.edu.cn',`contact_name`='俞勇',`phone`='15216708847' WHERE ( `company_id` = 2 ) [ RunTime:0.066938s ]

[ 2013-08-11T00:16:13+08:00 ] 127.0.0.1 /sys/sys_system/companyInfoEditDo.html
INFO: [ app_begin ] --START--
INFO: ReadHtmlCache Behavior ::run [ RunTime:0.001285s ]
INFO: [ app_begin ] --END-- [ RunTime:0.001472s ]
NOTIC: [8] A session had already been started - ignoring session_start() C:\wamp\www\InterWork\Web\ThinkPHP\Common\functions.php 第 566 行.
SQL: SHOW COLUMNS FROM `jz_company` [ RunTime:0.005871s ]
SQL: SELECT * FROM `jz_company` WHERE ( `realname` = '上海交通大学ACM班' ) AND ( `company_id` <> '2' ) LIMIT 1   [ RunTime:0.000609s ]
SQL: SELECT * FROM `jz_company` WHERE ( `email` = 'acm@sjtu.edu.cn' ) AND ( `company_id` <> '2' ) LIMIT 1   [ RunTime:0.000430s ]
SQL: UPDATE `jz_company` SET `realname`='上海交通大学ACM班',`email`='acm@sjtu.edu.cn',`contact_name`='俞勇',`phone`='15216708847' WHERE ( `company_id` = 2 ) [ RunTime:0.075769s ]

[ 2013-08-11T00:16:21+08:00 ] 127.0.0.1 /sys/sys_system/companyInfoEditDo.html
INFO: [ app_begin ] --START--
INFO: ReadHtmlCache Behavior ::run [ RunTime:0.001792s ]
INFO: [ app_begin ] --END-- [ RunTime:0.002065s ]
NOTIC: [8] A session had already been started - ignoring session_start() C:\wamp\www\InterWork\Web\ThinkPHP\Common\functions.php 第 566 行.
SQL: SHOW COLUMNS FROM `jz_company` [ RunTime:0.006790s ]
SQL: SELECT * FROM `jz_company` WHERE ( `realname` = '上海交通大学ACM班' ) AND ( `company_id` <> '2' ) LIMIT 1   [ RunTime:0.000576s ]
SQL: SELECT * FROM `jz_company` WHERE ( `email` = 'acm@sjtu.edu.cn' ) AND ( `company_id` <> '2' ) LIMIT 1   [ RunTime:0.000417s ]
SQL: UPDATE `jz_company` SET `realname`='上海交通大学ACM班',`email`='acm@sjtu.edu.cn',`contact_name`='俞勇',`phone`='15216708847' WHERE ( `company_id` = 2 ) [ RunTime:0.066117s ]

[ 2013-08-11T00:16:32+08:00 ] 127.0.0.1 /sys/sys_system/companyInfoEditDo.html
INFO: [ app_begin ] --START--
INFO: ReadHtmlCache Behavior ::run [ RunTime:0.001461s ]
INFO: [ app_begin ] --END-- [ RunTime:0.001788s ]
NOTIC: [8] A session had already been started - ignoring session_start() C:\wamp\www\InterWork\Web\ThinkPHP\Common\functions.php 第 566 行.
SQL: SHOW COLUMNS FROM `jz_company` [ RunTime:0.005376s ]
SQL: SELECT * FROM `jz_company` WHERE ( `realname` = '上海交通大学ACM班' ) AND ( `company_id` <> '2' ) LIMIT 1   [ RunTime:0.000609s ]
SQL: SELECT * FROM `jz_company` WHERE ( `email` = 'acm@sjtu.edu.cn' ) AND ( `company_id` <> '2' ) LIMIT 1   [ RunTime:0.000416s ]
SQL: UPDATE `jz_company` SET `realname`='上海交通大学ACM班',`email`='acm@sjtu.edu.cn',`contact_name`='俞勇',`phone`='15216708847' WHERE ( `company_id` = 2 ) [ RunTime:0.123127s ]

[ 2013-08-11T00:16:46+08:00 ] 127.0.0.1 /sys/sys_system/companyInfoEditDo.html
INFO: [ app_begin ] --START--
INFO: ReadHtmlCache Behavior ::run [ RunTime:0.001409s ]
INFO: [ app_begin ] --END-- [ RunTime:0.001609s ]
NOTIC: [8] A session had already been started - ignoring session_start() C:\wamp\www\InterWork\Web\ThinkPHP\Common\functions.php 第 566 行.
SQL: SHOW COLUMNS FROM `jz_company` [ RunTime:0.007868s ]
SQL: SELECT * FROM `jz_company` WHERE ( `realname` = '上海交通大学ACM班' ) AND ( `company_id` <> '2' ) LIMIT 1   [ RunTime:0.000713s ]
SQL: SELECT * FROM `jz_company` WHERE ( `email` = 'weiqin@vip.126.com' ) AND ( `company_id` <> '2' ) LIMIT 1   [ RunTime:0.000538s ]

[ 2013-08-11T00:16:55+08:00 ] 127.0.0.1 /sys/sys_system/companyInfoEditDo.html
INFO: [ app_begin ] --START--
INFO: ReadHtmlCache Behavior ::run [ RunTime:0.001419s ]
INFO: [ app_begin ] --END-- [ RunTime:0.001748s ]
NOTIC: [8] A session had already been started - ignoring session_start() C:\wamp\www\InterWork\Web\ThinkPHP\Common\functions.php 第 566 行.
SQL: SHOW COLUMNS FROM `jz_company` [ RunTime:0.005528s ]
SQL: SELECT * FROM `jz_company` WHERE ( `realname` = '上海交通大学ACM班' ) AND ( `company_id` <> '2' ) LIMIT 1   [ RunTime:0.000743s ]
SQL: SELECT * FROM `jz_company` WHERE ( `email` = 'weiqin@vip.126.com' ) AND ( `company_id` <> '2' ) LIMIT 1   [ RunTime:0.000589s ]

[ 2013-08-11T00:17:00+08:00 ] 127.0.0.1 /sys/sys_system/companyInfoEditDo.html
INFO: [ app_begin ] --START--
INFO: ReadHtmlCache Behavior ::run [ RunTime:0.001338s ]
INFO: [ app_begin ] --END-- [ RunTime:0.001530s ]
NOTIC: [8] A session had already been started - ignoring session_start() C:\wamp\www\InterWork\Web\ThinkPHP\Common\functions.php 第 566 行.
SQL: SHOW COLUMNS FROM `jz_company` [ RunTime:0.005331s ]
SQL: SELECT * FROM `jz_company` WHERE ( `realname` = '上海交通大学ACM班' ) AND ( `company_id` <> '2' ) LIMIT 1   [ RunTime:0.000731s ]
SQL: SELECT * FROM `jz_company` WHERE ( `email` = 'weiqin@vip.126.com' ) AND ( `company_id` <> '2' ) LIMIT 1   [ RunTime:0.000433s ]

[ 2013-08-11T00:17:10+08:00 ] 127.0.0.1 /sys/sys_system/companyInfoEditDo.html
INFO: [ app_begin ] --START--
INFO: ReadHtmlCache Behavior ::run [ RunTime:0.001285s ]
INFO: [ app_begin ] --END-- [ RunTime:0.001474s ]
NOTIC: [8] A session had already been started - ignoring session_start() C:\wamp\www\InterWork\Web\ThinkPHP\Common\functions.php 第 566 行.
SQL: SHOW COLUMNS FROM `jz_company` [ RunTime:0.005663s ]
SQL: SELECT * FROM `jz_company` WHERE ( `realname` = '上海交通大学ACM班' ) AND ( `company_id` <> '2' ) LIMIT 1   [ RunTime:0.000519s ]
SQL: SELECT * FROM `jz_company` WHERE ( `email` = 'weiqin@vip.126.com' ) AND ( `company_id` <> '2' ) LIMIT 1   [ RunTime:0.000407s ]

[ 2013-08-11T00:17:13+08:00 ] 127.0.0.1 /sys/sys_system/companyInfoEditDo.html
INFO: [ app_begin ] --START--
INFO: ReadHtmlCache Behavior ::run [ RunTime:0.001750s ]
INFO: [ app_begin ] --END-- [ RunTime:0.001949s ]
NOTIC: [8] A session had already been started - ignoring session_start() C:\wamp\www\InterWork\Web\ThinkPHP\Common\functions.php 第 566 行.
SQL: SHOW COLUMNS FROM `jz_company` [ RunTime:0.005663s ]
SQL: SELECT * FROM `jz_company` WHERE ( `realname` = '上海交通大学ACM班' ) AND ( `company_id` <> '2' ) LIMIT 1   [ RunTime:0.000604s ]
SQL: SELECT * FROM `jz_company` WHERE ( `email` = 'acm@sjtu.edu.cn' ) AND ( `company_id` <> '2' ) LIMIT 1   [ RunTime:0.000427s ]
SQL: UPDATE `jz_company` SET `realname`='上海交通大学ACM班',`email`='acm@sjtu.edu.cn',`contact_name`='俞勇',`phone`='15216708847' WHERE ( `company_id` = 2 ) [ RunTime:0.069473s ]

[ 2013-08-11T00:17:21+08:00 ] 127.0.0.1 /sys/sys_system/companyInfoEditDo.html
INFO: [ app_begin ] --START--
INFO: ReadHtmlCache Behavior ::run [ RunTime:0.001512s ]
INFO: [ app_begin ] --END-- [ RunTime:0.001740s ]
NOTIC: [8] A session had already been started - ignoring session_start() C:\wamp\www\InterWork\Web\ThinkPHP\Common\functions.php 第 566 行.
SQL: SHOW COLUMNS FROM `jz_company` [ RunTime:0.005921s ]
SQL: SELECT * FROM `jz_company` WHERE ( `realname` = '上海交通大学ACM班' ) AND ( `company_id` <> '2' ) LIMIT 1   [ RunTime:0.000541s ]
SQL: SELECT * FROM `jz_company` WHERE ( `email` = 'acm@sjtu.edu.cn' ) AND ( `company_id` <> '2' ) LIMIT 1   [ RunTime:0.000509s ]
SQL: UPDATE `jz_company` SET `realname`='上海交通大学ACM班',`email`='acm@sjtu.edu.cn',`contact_name`='俞勇',`phone`='15216708847' WHERE ( `company_id` = 2 ) [ RunTime:0.077045s ]

[ 2013-08-11T00:17:29+08:00 ] 127.0.0.1 /sys/sys_system/companyInfoEditDo.html
INFO: [ app_begin ] --START--
INFO: ReadHtmlCache Behavior ::run [ RunTime:0.001426s ]
INFO: [ app_begin ] --END-- [ RunTime:0.001659s ]
NOTIC: [8] A session had already been started - ignoring session_start() C:\wamp\www\InterWork\Web\ThinkPHP\Common\functions.php 第 566 行.
SQL: SHOW COLUMNS FROM `jz_company` [ RunTime:0.007164s ]
SQL: SELECT * FROM `jz_company` WHERE ( `realname` = '上海交通大学ACM班' ) AND ( `company_id` <> '2' ) LIMIT 1   [ RunTime:0.000785s ]
SQL: SELECT * FROM `jz_company` WHERE ( `email` = 'acm@sjtu.edu.cn' ) AND ( `company_id` <> '2' ) LIMIT 1   [ RunTime:0.000656s ]
SQL: UPDATE `jz_company` SET `realname`='上海交通大学ACM班',`email`='acm@sjtu.edu.cn',`contact_name`='俞勇',`phone`='15216708847' WHERE ( `company_id` = 2 ) [ RunTime:0.100182s ]

[ 2013-08-11T00:17:43+08:00 ] 127.0.0.1 /sys/sys_system/companyInfoEditDo.html
INFO: [ app_begin ] --START--
INFO: ReadHtmlCache Behavior ::run [ RunTime:0.001247s ]
INFO: [ app_begin ] --END-- [ RunTime:0.001444s ]
NOTIC: [8] A session had already been started - ignoring session_start() C:\wamp\www\InterWork\Web\ThinkPHP\Common\functions.php 第 566 行.
SQL: SHOW COLUMNS FROM `jz_company` [ RunTime:0.005425s ]
SQL: SELECT * FROM `jz_company` WHERE ( `realname` = '上海交通大学ACM班' ) AND ( `company_id` <> '2' ) LIMIT 1   [ RunTime:0.000708s ]
SQL: SELECT * FROM `jz_company` WHERE ( `email` = 'acm@sjtu.edu.cn' ) AND ( `company_id` <> '2' ) LIMIT 1   [ RunTime:0.000695s ]
SQL: UPDATE `jz_company` SET `realname`='上海交通大学ACM班',`email`='acm@sjtu.edu.cn',`contact_name`='俞勇',`phone`='15216708847' WHERE ( `company_id` = 2 ) [ RunTime:0.077906s ]

[ 2013-08-11T00:17:46+08:00 ] 127.0.0.1 /sys/sys_system/companyInfoEditDo.html
INFO: [ app_begin ] --START--
INFO: ReadHtmlCache Behavior ::run [ RunTime:0.001268s ]
INFO: [ app_begin ] --END-- [ RunTime:0.001568s ]
NOTIC: [8] A session had already been started - ignoring session_start() C:\wamp\www\InterWork\Web\ThinkPHP\Common\functions.php 第 566 行.
SQL: SHOW COLUMNS FROM `jz_company` [ RunTime:0.005956s ]
SQL: SELECT * FROM `jz_company` WHERE ( `realname` = '上海交通大学ACM班' ) AND ( `company_id` <> '2' ) LIMIT 1   [ RunTime:0.000706s ]
SQL: SELECT * FROM `jz_company` WHERE ( `email` = 'acm@sjtu.edu.cn' ) AND ( `company_id` <> '2' ) LIMIT 1   [ RunTime:0.000692s ]
SQL: UPDATE `jz_company` SET `realname`='上海交通大学ACM班',`email`='acm@sjtu.edu.cn',`contact_name`='俞勇1',`phone`='15216708847' WHERE ( `company_id` = 2 ) [ RunTime:0.083270s ]

[ 2013-08-11T00:17:51+08:00 ] 127.0.0.1 /sys/sys_system/companyInfoEditDo.html
INFO: [ app_begin ] --START--
INFO: ReadHtmlCache Behavior ::run [ RunTime:0.001465s ]
INFO: [ app_begin ] --END-- [ RunTime:0.001694s ]
NOTIC: [8] A session had already been started - ignoring session_start() C:\wamp\www\InterWork\Web\ThinkPHP\Common\functions.php 第 566 行.
SQL: SHOW COLUMNS FROM `jz_company` [ RunTime:0.007248s ]
SQL: SELECT * FROM `jz_company` WHERE ( `realname` = '上海交通大学ACM班' ) AND ( `company_id` <> '2' ) LIMIT 1   [ RunTime:0.000904s ]
SQL: SELECT * FROM `jz_company` WHERE ( `email` = 'acm@sjtu.edu.cn' ) AND ( `company_id` <> '2' ) LIMIT 1   [ RunTime:0.001511s ]
SQL: UPDATE `jz_company` SET `realname`='上海交通大学ACM班',`email`='acm@sjtu.edu.cn',`contact_name`='俞勇',`phone`='15216708847' WHERE ( `company_id` = 2 ) [ RunTime:0.085800s ]

[ 2013-08-11T00:18:25+08:00 ] 127.0.0.1 /sys/sys_system/companyInfoEditDo.html
INFO: [ app_begin ] --START--
INFO: ReadHtmlCache Behavior ::run [ RunTime:0.001485s ]
INFO: [ app_begin ] --END-- [ RunTime:0.001732s ]
NOTIC: [8] A session had already been started - ignoring session_start() C:\wamp\www\InterWork\Web\ThinkPHP\Common\functions.php 第 566 行.
SQL: SHOW COLUMNS FROM `jz_company` [ RunTime:0.005813s ]
SQL: SELECT * FROM `jz_company` WHERE ( `realname` = '上海交通大学ACM班' ) AND ( `company_id` <> '2' ) LIMIT 1   [ RunTime:0.000524s ]
SQL: SELECT * FROM `jz_company` WHERE ( `email` = 'acm@sjtu.edu.cn' ) AND ( `company_id` <> '2' ) LIMIT 1   [ RunTime:0.000425s ]
SQL: UPDATE `jz_company` SET `realname`='上海交通大学ACM班',`email`='acm@sjtu.edu.cn',`contact_name`='俞勇',`phone`='15216708847' WHERE ( `company_id` = 2 ) [ RunTime:0.070734s ]

[ 2013-08-11T00:18:29+08:00 ] 127.0.0.1 /sys/sys_system/companyInfoEditDo.html
INFO: [ app_begin ] --START--
INFO: ReadHtmlCache Behavior ::run [ RunTime:0.001328s ]
INFO: [ app_begin ] --END-- [ RunTime:0.001535s ]
NOTIC: [8] A session had already been started - ignoring session_start() C:\wamp\www\InterWork\Web\ThinkPHP\Common\functions.php 第 566 行.
SQL: SHOW COLUMNS FROM `jz_company` [ RunTime:0.005696s ]
SQL: SELECT * FROM `jz_company` WHERE ( `realname` = '上海交通大学ACM班' ) AND ( `company_id` <> '2' ) LIMIT 1   [ RunTime:0.000515s ]
SQL: SELECT * FROM `jz_company` WHERE ( `email` = 'acm@sjtu.edu.cn' ) AND ( `company_id` <> '2' ) LIMIT 1   [ RunTime:0.000486s ]
SQL: UPDATE `jz_company` SET `realname`='上海交通大学ACM班',`email`='acm@sjtu.edu.cn',`contact_name`='俞勇',`phone`='15216708847' WHERE ( `company_id` = 2 ) [ RunTime:0.077210s ]

[ 2013-08-11T00:18:48+08:00 ] 127.0.0.1 /sys/sys_system/companyInfoEditDo.html
INFO: [ app_begin ] --START--
INFO: ReadHtmlCache Behavior ::run [ RunTime:0.001869s ]
INFO: [ app_begin ] --END-- [ RunTime:0.002112s ]
NOTIC: [8] A session had already been started - ignoring session_start() C:\wamp\www\InterWork\Web\ThinkPHP\Common\functions.php 第 566 行.
SQL: SHOW COLUMNS FROM `jz_company` [ RunTime:0.008089s ]
SQL: SELECT * FROM `jz_company` WHERE ( `realname` = '上海交通大学ACM班' ) AND ( `company_id` <> '2' ) LIMIT 1   [ RunTime:0.001113s ]
SQL: SELECT * FROM `jz_company` WHERE ( `email` = 'acm@sjtu.edu.cn' ) AND ( `company_id` <> '2' ) LIMIT 1   [ RunTime:0.000595s ]
SQL: UPDATE `jz_company` SET `realname`='上海交通大学ACM班',`email`='acm@sjtu.edu.cn',`contact_name`='俞勇',`phone`='15216708847' WHERE ( `company_id` = 2 ) [ RunTime:0.088204s ]

[ 2013-08-11T00:19:08+08:00 ] 127.0.0.1 /sys/sys_system/companyInfoEditDo.html
INFO: [ app_begin ] --START--
INFO: ReadHtmlCache Behavior ::run [ RunTime:0.003321s ]
INFO: [ app_begin ] --END-- [ RunTime:0.003539s ]
NOTIC: [8] A session had already been started - ignoring session_start() C:\wamp\www\InterWork\Web\ThinkPHP\Common\functions.php 第 566 行.
SQL: SHOW COLUMNS FROM `jz_company` [ RunTime:0.005541s ]
SQL: SELECT * FROM `jz_company` WHERE ( `realname` = '上海维秦信息科技有限公司' ) AND ( `company_id` <> '2' ) LIMIT 1   [ RunTime:0.001105s ]
SQL: SELECT * FROM `jz_company` WHERE ( `email` = 'weiqin@vip.126.com' ) AND ( `company_id` <> '2' ) LIMIT 1   [ RunTime:0.000487s ]

[ 2013-08-11T00:19:23+08:00 ] 127.0.0.1 /sys/sys_system/companyInfoEditDo.html
INFO: [ app_begin ] --START--
INFO: ReadHtmlCache Behavior ::run [ RunTime:0.001932s ]
INFO: [ app_begin ] --END-- [ RunTime:0.002194s ]
NOTIC: [8] A session had already been started - ignoring session_start() C:\wamp\www\InterWork\Web\ThinkPHP\Common\functions.php 第 566 行.
SQL: SHOW COLUMNS FROM `jz_company` [ RunTime:0.005612s ]
SQL: SELECT * FROM `jz_company` WHERE ( `realname` = '上海维秦信息科技有限公司' ) AND ( `company_id` <> '2' ) LIMIT 1   [ RunTime:0.000678s ]
SQL: SELECT * FROM `jz_company` WHERE ( `email` = 'acm@sjtu.edu.cn' ) AND ( `company_id` <> '2' ) LIMIT 1   [ RunTime:0.000600s ]

[ 2013-08-11T00:19:33+08:00 ] 127.0.0.1 /sys/sys_system/companyInfoEditDo.html
INFO: [ app_begin ] --START--
INFO: ReadHtmlCache Behavior ::run [ RunTime:0.001359s ]
INFO: [ app_begin ] --END-- [ RunTime:0.001560s ]
NOTIC: [8] A session had already been started - ignoring session_start() C:\wamp\www\InterWork\Web\ThinkPHP\Common\functions.php 第 566 行.
SQL: SHOW COLUMNS FROM `jz_company` [ RunTime:0.005653s ]
SQL: SELECT * FROM `jz_company` WHERE ( `realname` = '上海维秦信息科技有限公司' ) AND ( `company_id` <> '2' ) LIMIT 1   [ RunTime:0.000585s ]
SQL: SELECT * FROM `jz_company` WHERE ( `email` = 'acm@sjtu.edu.cn' ) AND ( `company_id` <> '2' ) LIMIT 1   [ RunTime:0.000515s ]

[ 2013-08-11T00:19:50+08:00 ] 127.0.0.1 /sys/sys_system/companyInfoEditDo.html
INFO: [ app_begin ] --START--
INFO: ReadHtmlCache Behavior ::run [ RunTime:0.001222s ]
INFO: [ app_begin ] --END-- [ RunTime:0.001421s ]
NOTIC: [8] A session had already been started - ignoring session_start() C:\wamp\www\InterWork\Web\ThinkPHP\Common\functions.php 第 566 行.
SQL: SHOW COLUMNS FROM `jz_company` [ RunTime:0.005525s ]
SQL: SELECT * FROM `jz_company` WHERE ( `realname` = '上海维秦信息科技有限公司' ) AND ( `company_id` <> '2' ) LIMIT 1   [ RunTime:0.000520s ]
SQL: SELECT * FROM `jz_company` WHERE ( `email` = 'acm@sjtu.edu.cn' ) AND ( `company_id` <> '2' ) LIMIT 1   [ RunTime:0.000452s ]

[ 2013-08-11T00:20:05+08:00 ] 127.0.0.1 /sys/sys_system/companyInfoEditDo.html
INFO: [ app_begin ] --START--
INFO: ReadHtmlCache Behavior ::run [ RunTime:0.001532s ]
INFO: [ app_begin ] --END-- [ RunTime:0.001736s ]
NOTIC: [8] A session had already been started - ignoring session_start() C:\wamp\www\InterWork\Web\ThinkPHP\Common\functions.php 第 566 行.
SQL: SHOW COLUMNS FROM `jz_company` [ RunTime:0.005576s ]
SQL: SELECT * FROM `jz_company` WHERE ( `realname` = '上海交通大学ACM班' ) AND ( `company_id` <> '2' ) LIMIT 1   [ RunTime:0.000518s ]
SQL: SELECT * FROM `jz_company` WHERE ( `email` = 'acm@sjtu.edu.cn' ) AND ( `company_id` <> '2' ) LIMIT 1   [ RunTime:0.000456s ]
SQL: UPDATE `jz_company` SET `realname`='上海交通大学ACM班',`email`='acm@sjtu.edu.cn',`contact_name`='俞勇',`phone`='15216708847' WHERE ( `company_id` = 2 ) [ RunTime:0.059520s ]

[ 2013-08-11T00:20:08+08:00 ] 127.0.0.1 /sys/sys_system/companyInfoEditDo.html
INFO: [ app_begin ] --START--
INFO: ReadHtmlCache Behavior ::run [ RunTime:0.001388s ]
INFO: [ app_begin ] --END-- [ RunTime:0.001652s ]
NOTIC: [8] A session had already been started - ignoring session_start() C:\wamp\www\InterWork\Web\ThinkPHP\Common\functions.php 第 566 行.
SQL: SHOW COLUMNS FROM `jz_company` [ RunTime:0.005415s ]
SQL: SELECT * FROM `jz_company` WHERE ( `realname` = '上海交通大学ACM班' ) AND ( `company_id` <> '2' ) LIMIT 1   [ RunTime:0.000534s ]
SQL: SELECT * FROM `jz_company` WHERE ( `email` = 'acm@sjtu.edu.cn' ) AND ( `company_id` <> '2' ) LIMIT 1   [ RunTime:0.000459s ]
SQL: UPDATE `jz_company` SET `realname`='上海交通大学ACM班',`email`='acm@sjtu.edu.cn',`contact_name`='俞勇',`phone`='15216708847' WHERE ( `company_id` = 2 ) [ RunTime:0.066172s ]

[ 2013-08-11T00:20:42+08:00 ] 127.0.0.1 /sys/sys_system/companyInfoEditDo.html
INFO: [ app_begin ] --START--
INFO: ReadHtmlCache Behavior ::run [ RunTime:0.001715s ]
INFO: [ app_begin ] --END-- [ RunTime:0.001907s ]
NOTIC: [8] A session had already been started - ignoring session_start() C:\wamp\www\InterWork\Web\ThinkPHP\Common\functions.php 第 566 行.
SQL: SHOW COLUMNS FROM `jz_company` [ RunTime:0.005401s ]
SQL: SELECT * FROM `jz_company` WHERE ( `realname` = '上海交通大学ACM班' ) AND ( `company_id` <> '2' ) LIMIT 1   [ RunTime:0.000625s ]
SQL: SELECT * FROM `jz_company` WHERE ( `email` = 'acm@sjtu.edu.cn' ) AND ( `company_id` <> '2' ) LIMIT 1   [ RunTime:0.000411s ]
SQL: UPDATE `jz_company` SET `realname`='上海交通大学ACM班',`email`='acm@sjtu.edu.cn',`contact_name`='俞勇',`phone`='15216708847' WHERE ( `company_id` = 2 ) [ RunTime:0.135912s ]

[ 2013-08-11T00:20:57+08:00 ] 127.0.0.1 /sys/sys_system/companyInfoEditDo.html
INFO: [ app_begin ] --START--
INFO: ReadHtmlCache Behavior ::run [ RunTime:0.001470s ]
INFO: [ app_begin ] --END-- [ RunTime:0.001765s ]
NOTIC: [8] A session had already been started - ignoring session_start() C:\wamp\www\InterWork\Web\ThinkPHP\Common\functions.php 第 566 行.
SQL: SHOW COLUMNS FROM `jz_company` [ RunTime:0.005541s ]
SQL: SELECT * FROM `jz_company` WHERE ( `realname` = '上海交通大学ACM班' ) AND ( `company_id` <> '2' ) LIMIT 1   [ RunTime:0.000559s ]
SQL: SELECT * FROM `jz_company` WHERE ( `email` = 'acm@sjtu.edu.cn' ) AND ( `company_id` <> '2' ) LIMIT 1   [ RunTime:0.000416s ]
SQL: UPDATE `jz_company` SET `realname`='上海交通大学ACM班',`email`='acm@sjtu.edu.cn',`contact_name`='俞勇',`phone`='15216708847' WHERE ( `company_id` = 2 ) [ RunTime:0.074628s ]

[ 2013-08-11T19:46:38+08:00 ] 127.0.0.1 /Company/loginDo
INFO: [ app_begin ] --START--
INFO: ReadHtmlCache Behavior ::run [ RunTime:0.001313s ]
INFO: [ app_begin ] --END-- [ RunTime:0.001691s ]
NOTIC: [8] A session had already been started - ignoring session_start() C:\wamp\www\InterWork\Web\ThinkPHP\Common\functions.php 第 566 行.
SQL: SHOW COLUMNS FROM `jz_user` [ RunTime:0.040197s ]
NOTIC: 建议使用I方法替代_post
SQL: SELECT * FROM `jz_user` WHERE ( `email` = 'acm@sjtu.edu.cn' ) LIMIT 1   [ RunTime:0.000560s ]
NOTIC: 建议使用I方法替代_post
SQL: SHOW COLUMNS FROM `jz_company` [ RunTime:0.029618s ]
SQL: SELECT * FROM `jz_company` WHERE ( `company_id` = 2 ) LIMIT 1   [ RunTime:0.000463s ]

[ 2013-08-11T19:52:21+08:00 ] 127.0.0.1 /sys/sys_system/companyInfoEditDo.html
INFO: [ app_begin ] --START--
INFO: ReadHtmlCache Behavior ::run [ RunTime:0.000977s ]
INFO: [ app_begin ] --END-- [ RunTime:0.001175s ]
NOTIC: [8] A session had already been started - ignoring session_start() C:\wamp\www\InterWork\Web\ThinkPHP\Common\functions.php 第 566 行.
SQL: SHOW COLUMNS FROM `jz_company` [ RunTime:0.005045s ]
SQL: SELECT * FROM `jz_company` WHERE ( `realname` = '上海交通大学ACM班' ) AND ( `company_id` <> '2' ) LIMIT 1   [ RunTime:0.001230s ]
SQL: SELECT * FROM `jz_company` WHERE ( `email` = 'acm@sjtu.edu.cn' ) AND ( `company_id` <> '2' ) LIMIT 1   [ RunTime:0.000775s ]
SQL: UPDATE `jz_company` SET `realname`='上海交通大学ACM班',`email`='acm@sjtu.edu.cn',`contact_name`='俞勇',`phone`='15216708847' WHERE ( `company_id` = 2 ) [ RunTime:0.073026s ]

