[ 2013-08-13T15:42:38+08:00 ] 127.0.0.1 /Company/loginDo
INFO: [ app_begin ] --START--
INFO: ReadHtmlCache Behavior ::run [ RunTime:0.000928s ]
INFO: [ app_begin ] --END-- [ RunTime:0.001114s ]
NOTIC: [8] A session had already been started - ignoring session_start() C:\wamp\www\InterWork\Web\ThinkPHP\Common\functions.php 第 566 行.
SQL: SHOW COLUMNS FROM `jz_user` [ RunTime:0.071868s ]
NOTIC: 建议使用I方法替代_post
SQL: SELECT * FROM `jz_user` WHERE ( `email` = 'acm@sjtu.edu.cn' ) LIMIT 1   [ RunTime:0.038279s ]
NOTIC: 建议使用I方法替代_post
SQL: SHOW COLUMNS FROM `jz_company` [ RunTime:0.027601s ]
SQL: SELECT * FROM `jz_company` WHERE ( `company_id` = 2 ) LIMIT 1   [ RunTime:0.000716s ]

[ 2013-08-13T15:42:42+08:00 ] 127.0.0.1 /sys/sys_system/companyInfoEditDo.html
INFO: [ app_begin ] --START--
INFO: ReadHtmlCache Behavior ::run [ RunTime:0.000840s ]
INFO: [ app_begin ] --END-- [ RunTime:0.001024s ]
NOTIC: [8] A session had already been started - ignoring session_start() C:\wamp\www\InterWork\Web\ThinkPHP\Common\functions.php 第 566 行.
SQL: SHOW COLUMNS FROM `jz_company` [ RunTime:0.004176s ]
SQL: SELECT * FROM `jz_company` WHERE ( `realname` = '上海交通大学ACM班' ) AND ( `company_id` <> '2' ) LIMIT 1   [ RunTime:0.026400s ]
SQL: SELECT * FROM `jz_company` WHERE ( `email` = 'acm@sjtu.edu.cn' ) AND ( `company_id` <> '2' ) LIMIT 1   [ RunTime:0.000578s ]
SQL: UPDATE `jz_company` SET `realname`='上海交通大学ACM班',`email`='acm@sjtu.edu.cn',`contact_name`='俞勇',`phone`='15216708847' WHERE ( `company_id` = 2 ) [ RunTime:0.136651s ]

[ 2013-08-13T15:44:52+08:00 ] 127.0.0.1 /sys/sys_system/companyInfoEditDo.html
INFO: [ app_begin ] --START--
INFO: ReadHtmlCache Behavior ::run [ RunTime:0.001150s ]
INFO: [ app_begin ] --END-- [ RunTime:0.001445s ]
NOTIC: [8] A session had already been started - ignoring session_start() C:\wamp\www\InterWork\Web\ThinkPHP\Common\functions.php 第 566 行.
SQL: SHOW COLUMNS FROM `jz_company` [ RunTime:0.004163s ]
SQL: SELECT * FROM `jz_company` WHERE ( `realname` = '上海交通大学ACM班' ) AND ( `company_id` <> '2' ) LIMIT 1   [ RunTime:0.000508s ]
SQL: SELECT * FROM `jz_company` WHERE ( `email` = 'acm@sjtu.edu.cn' ) AND ( `company_id` <> '2' ) LIMIT 1   [ RunTime:0.000469s ]
SQL: UPDATE `jz_company` SET `realname`='上海交通大学ACM班',`email`='acm@sjtu.edu.cn',`contact_name`='俞勇',`phone`='15216708847' WHERE ( `company_id` = 2 ) [ RunTime:0.605095s ]

[ 2013-08-13T15:44:59+08:00 ] 127.0.0.1 /sys/sys_system/companyInfoEditDo.html
INFO: [ app_begin ] --START--
INFO: ReadHtmlCache Behavior ::run [ RunTime:0.000862s ]
INFO: [ app_begin ] --END-- [ RunTime:0.001048s ]
NOTIC: [8] A session had already been started - ignoring session_start() C:\wamp\www\InterWork\Web\ThinkPHP\Common\functions.php 第 566 行.
SQL: SHOW COLUMNS FROM `jz_company` [ RunTime:0.003951s ]
SQL: SELECT * FROM `jz_company` WHERE ( `realname` = '上海交通大学ACM班' ) AND ( `company_id` <> '2' ) LIMIT 1   [ RunTime:0.000478s ]
SQL: SELECT * FROM `jz_company` WHERE ( `email` = 'acm@sjtu.edu.cn' ) AND ( `company_id` <> '2' ) LIMIT 1   [ RunTime:0.000409s ]
SQL: UPDATE `jz_company` SET `realname`='上海交通大学ACM班',`email`='acm@sjtu.edu.cn',`contact_name`='俞勇',`phone`='15216708847' WHERE ( `company_id` = 2 ) [ RunTime:0.067217s ]

[ 2013-08-13T15:45:02+08:00 ] 127.0.0.1 /sys/sys_system/companyInfoEditDo.html
INFO: [ app_begin ] --START--
INFO: ReadHtmlCache Behavior ::run [ RunTime:0.000995s ]
INFO: [ app_begin ] --END-- [ RunTime:0.001191s ]
NOTIC: [8] A session had already been started - ignoring session_start() C:\wamp\www\InterWork\Web\ThinkPHP\Common\functions.php 第 566 行.
SQL: SHOW COLUMNS FROM `jz_company` [ RunTime:0.004710s ]
SQL: SELECT * FROM `jz_company` WHERE ( `realname` = '上海交通大学ACM班' ) AND ( `company_id` <> '2' ) LIMIT 1   [ RunTime:0.000667s ]

[ 2013-08-13T15:45:06+08:00 ] 127.0.0.1 /sys/sys_system/companyInfoEditDo.html
INFO: [ app_begin ] --START--
INFO: ReadHtmlCache Behavior ::run [ RunTime:0.000880s ]
INFO: [ app_begin ] --END-- [ RunTime:0.001063s ]
NOTIC: [8] A session had already been started - ignoring session_start() C:\wamp\www\InterWork\Web\ThinkPHP\Common\functions.php 第 566 行.
SQL: SHOW COLUMNS FROM `jz_company` [ RunTime:0.004070s ]
SQL: SELECT * FROM `jz_company` WHERE ( `realname` = '上海交通大学ACM班' ) AND ( `company_id` <> '2' ) LIMIT 1   [ RunTime:0.000801s ]

[ 2013-08-13T15:46:47+08:00 ] 127.0.0.1 /sys/sys_system/companyInfoEditDo.html
INFO: [ app_begin ] --START--
INFO: ReadHtmlCache Behavior ::run [ RunTime:0.000965s ]
INFO: [ app_begin ] --END-- [ RunTime:0.001145s ]
NOTIC: [8] A session had already been started - ignoring session_start() C:\wamp\www\InterWork\Web\ThinkPHP\Common\functions.php 第 566 行.
SQL: SHOW COLUMNS FROM `jz_company` [ RunTime:0.004035s ]
SQL: SELECT * FROM `jz_company` WHERE ( `realname` = '上海交通大学ACM班' ) AND ( `company_id` <> '2' ) LIMIT 1   [ RunTime:0.000817s ]
SQL: SELECT * FROM `jz_company` WHERE ( `email` = 'acm@sjtu.edu.cn' ) AND ( `company_id` <> '2' ) LIMIT 1   [ RunTime:0.000711s ]
SQL: UPDATE `jz_company` SET `realname`='上海交通大学ACM班',`email`='acm@sjtu.edu.cn',`contact_name`='俞勇',`phone`='15216708847' WHERE ( `company_id` = 2 ) [ RunTime:0.077063s ]

[ 2013-08-13T15:49:17+08:00 ] 127.0.0.1 /sys/sys_system/companyInfoEditDo.html
INFO: [ app_begin ] --START--
INFO: ReadHtmlCache Behavior ::run [ RunTime:0.000997s ]
INFO: [ app_begin ] --END-- [ RunTime:0.001214s ]
NOTIC: [8] A session had already been started - ignoring session_start() C:\wamp\www\InterWork\Web\ThinkPHP\Common\functions.php 第 566 行.
SQL: SHOW COLUMNS FROM `jz_company` [ RunTime:0.006520s ]
SQL: SELECT * FROM `jz_company` WHERE ( `realname` = '上海交通大学ACM班' ) AND ( `company_id` <> '2' ) LIMIT 1   [ RunTime:0.000845s ]

[ 2013-08-13T15:50:38+08:00 ] 127.0.0.1 /sys/sys_system/companyInfoEditDo.html
INFO: [ app_begin ] --START--
INFO: ReadHtmlCache Behavior ::run [ RunTime:0.000862s ]
INFO: [ app_begin ] --END-- [ RunTime:0.001041s ]
NOTIC: [8] A session had already been started - ignoring session_start() C:\wamp\www\InterWork\Web\ThinkPHP\Common\functions.php 第 566 行.
SQL: SHOW COLUMNS FROM `jz_company` [ RunTime:0.018735s ]
SQL: SELECT * FROM `jz_company` WHERE ( `realname` = '上海交通大学ACM班' ) AND ( `company_id` <> '2' ) LIMIT 1   [ RunTime:0.000487s ]
SQL: SELECT * FROM `jz_company` WHERE ( `email` = 'acm@sjtu.edu.cn' ) AND ( `company_id` <> '2' ) LIMIT 1   [ RunTime:0.000708s ]
SQL: UPDATE `jz_company` SET `realname`='上海交通大学ACM班',`email`='acm@sjtu.edu.cn',`contact_name`='俞勇',`phone`='15216708847' WHERE ( `company_id` = 2 ) [ RunTime:0.157356s ]

[ 2013-08-13T15:50:41+08:00 ] 127.0.0.1 /sys/sys_system/companyInfoEditDo.html
INFO: [ app_begin ] --START--
INFO: ReadHtmlCache Behavior ::run [ RunTime:0.000953s ]
INFO: [ app_begin ] --END-- [ RunTime:0.001153s ]
NOTIC: [8] A session had already been started - ignoring session_start() C:\wamp\www\InterWork\Web\ThinkPHP\Common\functions.php 第 566 行.
SQL: SHOW COLUMNS FROM `jz_company` [ RunTime:0.004961s ]
SQL: SELECT * FROM `jz_company` WHERE ( `realname` = '上海交通大学ACM班' ) AND ( `company_id` <> '2' ) LIMIT 1   [ RunTime:0.000546s ]

[ 2013-08-13T15:50:46+08:00 ] 127.0.0.1 /sys/sys_system/companyInfoEditDo.html
INFO: [ app_begin ] --START--
INFO: ReadHtmlCache Behavior ::run [ RunTime:0.000925s ]
INFO: [ app_begin ] --END-- [ RunTime:0.001115s ]
NOTIC: [8] A session had already been started - ignoring session_start() C:\wamp\www\InterWork\Web\ThinkPHP\Common\functions.php 第 566 行.
SQL: SHOW COLUMNS FROM `jz_company` [ RunTime:0.003986s ]
SQL: SELECT * FROM `jz_company` WHERE ( `realname` = '上海交通大学ACM班' ) AND ( `company_id` <> '2' ) LIMIT 1   [ RunTime:0.000532s ]

[ 2013-08-13T15:50:54+08:00 ] 127.0.0.1 /sys/sys_system/companyInfoEditDo.html
INFO: [ app_begin ] --START--
INFO: ReadHtmlCache Behavior ::run [ RunTime:0.000940s ]
INFO: [ app_begin ] --END-- [ RunTime:0.001118s ]
NOTIC: [8] A session had already been started - ignoring session_start() C:\wamp\www\InterWork\Web\ThinkPHP\Common\functions.php 第 566 行.
SQL: SHOW COLUMNS FROM `jz_company` [ RunTime:0.004078s ]
SQL: SELECT * FROM `jz_company` WHERE ( `realname` = '上海交通大学ACM班' ) AND ( `company_id` <> '2' ) LIMIT 1   [ RunTime:0.000742s ]

[ 2013-08-13T15:52:46+08:00 ] 127.0.0.1 /sys/sys_system/companyInfoEditDo.html
INFO: [ app_begin ] --START--
INFO: ReadHtmlCache Behavior ::run [ RunTime:0.001045s ]
INFO: [ app_begin ] --END-- [ RunTime:0.001246s ]
NOTIC: [8] A session had already been started - ignoring session_start() C:\wamp\www\InterWork\Web\ThinkPHP\Common\functions.php 第 566 行.
SQL: SHOW COLUMNS FROM `jz_company` [ RunTime:0.004973s ]
SQL: SELECT * FROM `jz_company` WHERE ( `realname` = '上海交通大学ACM班' ) AND ( `company_id` <> '2' ) LIMIT 1   [ RunTime:0.000635s ]

[ 2013-08-13T15:53:23+08:00 ] 127.0.0.1 /sys/sys_system/companyInfoEditDo.html
INFO: [ app_begin ] --START--
INFO: ReadHtmlCache Behavior ::run [ RunTime:0.000854s ]
INFO: [ app_begin ] --END-- [ RunTime:0.001049s ]
NOTIC: [8] A session had already been started - ignoring session_start() C:\wamp\www\InterWork\Web\ThinkPHP\Common\functions.php 第 566 行.
SQL: SHOW COLUMNS FROM `jz_company` [ RunTime:0.004059s ]
SQL: SELECT * FROM `jz_company` WHERE ( `realname` = '上海交通大学ACM班' ) AND ( `company_id` <> '2' ) LIMIT 1   [ RunTime:0.000510s ]
SQL: SELECT * FROM `jz_company` WHERE ( `email` = 'acm@sjtu.edu.cn' ) AND ( `company_id` <> '2' ) LIMIT 1   [ RunTime:0.000617s ]
SQL: UPDATE `jz_company` SET `realname`='上海交通大学ACM班',`email`='acm@sjtu.edu.cn',`contact_name`='俞勇',`phone`='15216708847' WHERE ( `company_id` = 2 ) [ RunTime:0.058372s ]

[ 2013-08-13T15:53:27+08:00 ] 127.0.0.1 /sys/sys_system/companyInfoEditDo.html
INFO: [ app_begin ] --START--
INFO: ReadHtmlCache Behavior ::run [ RunTime:0.000869s ]
INFO: [ app_begin ] --END-- [ RunTime:0.001049s ]
NOTIC: [8] A session had already been started - ignoring session_start() C:\wamp\www\InterWork\Web\ThinkPHP\Common\functions.php 第 566 行.
SQL: SHOW COLUMNS FROM `jz_company` [ RunTime:0.004051s ]
SQL: SELECT * FROM `jz_company` WHERE ( `realname` = '上海交通大学ACM班' ) AND ( `company_id` <> '2' ) LIMIT 1   [ RunTime:0.000488s ]

[ 2013-08-13T15:53:49+08:00 ] 127.0.0.1 /sys/sys_system/companyInfoEditDo.html
INFO: [ app_begin ] --START--
INFO: ReadHtmlCache Behavior ::run [ RunTime:0.000957s ]
INFO: [ app_begin ] --END-- [ RunTime:0.001161s ]
NOTIC: [8] A session had already been started - ignoring session_start() C:\wamp\www\InterWork\Web\ThinkPHP\Common\functions.php 第 566 行.
SQL: SHOW COLUMNS FROM `jz_company` [ RunTime:0.004291s ]
SQL: SELECT * FROM `jz_company` WHERE ( `realname` = '上海交通大学ACM班' ) AND ( `company_id` <> '2' ) LIMIT 1   [ RunTime:0.000712s ]

[ 2013-08-13T15:54:00+08:00 ] 127.0.0.1 /sys/sys_system/companyInfoEditDo.html
INFO: [ app_begin ] --START--
INFO: ReadHtmlCache Behavior ::run [ RunTime:0.000965s ]
INFO: [ app_begin ] --END-- [ RunTime:0.001145s ]
NOTIC: [8] A session had already been started - ignoring session_start() C:\wamp\www\InterWork\Web\ThinkPHP\Common\functions.php 第 566 行.
SQL: SHOW COLUMNS FROM `jz_company` [ RunTime:0.004356s ]
SQL: SELECT * FROM `jz_company` WHERE ( `realname` = '上海交通大学ACM班' ) AND ( `company_id` <> '2' ) LIMIT 1   [ RunTime:0.000937s ]

[ 2013-08-13T15:54:11+08:00 ] 127.0.0.1 /sys/sys_system/companyInfoEditDo.html
INFO: [ app_begin ] --START--
INFO: ReadHtmlCache Behavior ::run [ RunTime:0.001057s ]
INFO: [ app_begin ] --END-- [ RunTime:0.001254s ]
NOTIC: [8] A session had already been started - ignoring session_start() C:\wamp\www\InterWork\Web\ThinkPHP\Common\functions.php 第 566 行.
SQL: SHOW COLUMNS FROM `jz_company` [ RunTime:0.004430s ]
SQL: SELECT * FROM `jz_company` WHERE ( `realname` = '上海交通大学ACM班' ) AND ( `company_id` <> '2' ) LIMIT 1   [ RunTime:0.000717s ]

[ 2013-08-13T15:58:15+08:00 ] 127.0.0.1 /sys/sys_system/companyInfoEditDo.html
INFO: [ app_begin ] --START--
INFO: ReadHtmlCache Behavior ::run [ RunTime:0.000976s ]
INFO: [ app_begin ] --END-- [ RunTime:0.001174s ]
NOTIC: [8] A session had already been started - ignoring session_start() C:\wamp\www\InterWork\Web\ThinkPHP\Common\functions.php 第 566 行.
SQL: SHOW COLUMNS FROM `jz_company` [ RunTime:0.003961s ]
SQL: SELECT * FROM `jz_company` WHERE ( `realname` = '上海交通大学ACM班' ) AND ( `company_id` <> '2' ) LIMIT 1   [ RunTime:0.000767s ]

[ 2013-08-13T15:58:39+08:00 ] 127.0.0.1 /sys/sys_system/companyInfoEditDo.html
INFO: [ app_begin ] --START--
INFO: ReadHtmlCache Behavior ::run [ RunTime:0.001070s ]
INFO: [ app_begin ] --END-- [ RunTime:0.001265s ]
NOTIC: [8] A session had already been started - ignoring session_start() C:\wamp\www\InterWork\Web\ThinkPHP\Common\functions.php 第 566 行.
SQL: SHOW COLUMNS FROM `jz_company` [ RunTime:0.004142s ]
SQL: SELECT * FROM `jz_company` WHERE ( `realname` = '上海交通大学ACM班' ) AND ( `company_id` <> '2' ) LIMIT 1   [ RunTime:0.000534s ]

[ 2013-08-13T15:58:52+08:00 ] 127.0.0.1 /sys/sys_system/companyInfoEditDo.html
INFO: [ app_begin ] --START--
INFO: ReadHtmlCache Behavior ::run [ RunTime:0.001056s ]
INFO: [ app_begin ] --END-- [ RunTime:0.002453s ]
NOTIC: [8] A session had already been started - ignoring session_start() C:\wamp\www\InterWork\Web\ThinkPHP\Common\functions.php 第 566 行.
SQL: SHOW COLUMNS FROM `jz_company` [ RunTime:0.003985s ]
SQL: SELECT * FROM `jz_company` WHERE ( `realname` = '上海交通大学ACM班' ) AND ( `company_id` <> '2' ) LIMIT 1   [ RunTime:0.000511s ]
SQL: SELECT * FROM `jz_company` WHERE ( `email` = 'acm@sjtu.edu.cn' ) AND ( `company_id` <> '2' ) LIMIT 1   [ RunTime:0.000586s ]
SQL: UPDATE `jz_company` SET `realname`='上海交通大学ACM班',`email`='acm@sjtu.edu.cn',`contact_name`='俞勇',`phone`='15216708847' WHERE ( `company_id` = 2 ) [ RunTime:0.073698s ]

[ 2013-08-13T15:58:56+08:00 ] 127.0.0.1 /sys/sys_system/companyInfoEditDo.html
INFO: [ app_begin ] --START--
INFO: ReadHtmlCache Behavior ::run [ RunTime:0.000994s ]
INFO: [ app_begin ] --END-- [ RunTime:0.001208s ]
NOTIC: [8] A session had already been started - ignoring session_start() C:\wamp\www\InterWork\Web\ThinkPHP\Common\functions.php 第 566 行.
SQL: SHOW COLUMNS FROM `jz_company` [ RunTime:0.004877s ]
SQL: SELECT * FROM `jz_company` WHERE ( `realname` = '上海交通大学ACM班' ) AND ( `company_id` <> '2' ) LIMIT 1   [ RunTime:0.000509s ]

[ 2013-08-13T15:59:48+08:00 ] 127.0.0.1 /sys/sys_system/companyInfoEditDo.html
INFO: [ app_begin ] --START--
INFO: ReadHtmlCache Behavior ::run [ RunTime:0.001011s ]
INFO: [ app_begin ] --END-- [ RunTime:0.001237s ]
NOTIC: [8] A session had already been started - ignoring session_start() C:\wamp\www\InterWork\Web\ThinkPHP\Common\functions.php 第 566 行.
SQL: SHOW COLUMNS FROM `jz_company` [ RunTime:0.003958s ]
SQL: SELECT * FROM `jz_company` WHERE ( `realname` = '上海交通大学ACM班' ) AND ( `company_id` <> '2' ) LIMIT 1   [ RunTime:0.000518s ]

[ 2013-08-13T15:59:52+08:00 ] 127.0.0.1 /sys/sys_system/companyInfoEditDo.html
INFO: [ app_begin ] --START--
INFO: ReadHtmlCache Behavior ::run [ RunTime:0.001139s ]
INFO: [ app_begin ] --END-- [ RunTime:0.001347s ]
NOTIC: [8] A session had already been started - ignoring session_start() C:\wamp\www\InterWork\Web\ThinkPHP\Common\functions.php 第 566 行.
SQL: SHOW COLUMNS FROM `jz_company` [ RunTime:0.004132s ]
SQL: SELECT * FROM `jz_company` WHERE ( `realname` = '上海交通大学ACM班' ) AND ( `company_id` <> '2' ) LIMIT 1   [ RunTime:0.000487s ]

[ 2013-08-13T16:01:13+08:00 ] 127.0.0.1 /sys/sys_system/companyInfoEditDo.html
INFO: [ app_begin ] --START--
INFO: ReadHtmlCache Behavior ::run [ RunTime:0.001199s ]
INFO: [ app_begin ] --END-- [ RunTime:0.001428s ]
NOTIC: [8] A session had already been started - ignoring session_start() C:\wamp\www\InterWork\Web\ThinkPHP\Common\functions.php 第 566 行.
SQL: SHOW COLUMNS FROM `jz_company` [ RunTime:0.003958s ]
SQL: SELECT * FROM `jz_company` WHERE ( `realname` = '上海交通大学ACM班' ) AND ( `company_id` <> '2' ) LIMIT 1   [ RunTime:0.000526s ]

[ 2013-08-13T16:02:28+08:00 ] 127.0.0.1 /sys/sys_system/companyInfoEditDo.html
INFO: [ app_begin ] --START--
INFO: ReadHtmlCache Behavior ::run [ RunTime:0.000979s ]
INFO: [ app_begin ] --END-- [ RunTime:0.001190s ]
NOTIC: [8] A session had already been started - ignoring session_start() C:\wamp\www\InterWork\Web\ThinkPHP\Common\functions.php 第 566 行.
SQL: SHOW COLUMNS FROM `jz_company` [ RunTime:0.004239s ]
SQL: SELECT * FROM `jz_company` WHERE ( `realname` = '上海交通大学ACM班' ) AND ( `company_id` <> '2' ) LIMIT 1   [ RunTime:0.000522s ]

[ 2013-08-13T16:04:30+08:00 ] 127.0.0.1 /sys/sys_system/companyInfoEditDo.html
INFO: [ app_begin ] --START--
INFO: ReadHtmlCache Behavior ::run [ RunTime:0.000888s ]
INFO: [ app_begin ] --END-- [ RunTime:0.001100s ]
NOTIC: [8] A session had already been started - ignoring session_start() C:\wamp\www\InterWork\Web\ThinkPHP\Common\functions.php 第 566 行.
SQL: SHOW COLUMNS FROM `jz_company` [ RunTime:0.004138s ]
SQL: SELECT * FROM `jz_company` WHERE ( `realname` = '上海交通大学ACM班' ) AND ( `company_id` <> '2' ) LIMIT 1   [ RunTime:0.000675s ]
SQL: SELECT * FROM `jz_company` WHERE ( `email` = 'acm@sjtu.edu.cn' ) AND ( `company_id` <> '2' ) LIMIT 1   [ RunTime:0.000484s ]
SQL: UPDATE `jz_company` SET `realname`='上海交通大学ACM班',`email`='acm@sjtu.edu.cn',`contact_name`='俞勇',`phone`='15216708847' WHERE ( `company_id` = 2 ) [ RunTime:0.317296s ]

[ 2013-08-13T16:05:19+08:00 ] 127.0.0.1 /sys/sys_system/companyInfoEditDo.html
INFO: [ app_begin ] --START--
INFO: ReadHtmlCache Behavior ::run [ RunTime:0.000944s ]
INFO: [ app_begin ] --END-- [ RunTime:0.001164s ]
NOTIC: [8] A session had already been started - ignoring session_start() C:\wamp\www\InterWork\Web\ThinkPHP\Common\functions.php 第 566 行.
SQL: SHOW COLUMNS FROM `jz_company` [ RunTime:0.004727s ]
SQL: SELECT * FROM `jz_company` WHERE ( `realname` = '上海交通大学ACM班' ) AND ( `company_id` <> '2' ) LIMIT 1   [ RunTime:0.000712s ]

[ 2013-08-13T16:05:30+08:00 ] 127.0.0.1 /sys/sys_system/companyInfoEditDo.html
INFO: [ app_begin ] --START--
INFO: ReadHtmlCache Behavior ::run [ RunTime:0.000954s ]
INFO: [ app_begin ] --END-- [ RunTime:0.001137s ]
NOTIC: [8] A session had already been started - ignoring session_start() C:\wamp\www\InterWork\Web\ThinkPHP\Common\functions.php 第 566 行.
SQL: SHOW COLUMNS FROM `jz_company` [ RunTime:0.003962s ]
SQL: SELECT * FROM `jz_company` WHERE ( `realname` = '上海交通大学ACM班' ) AND ( `company_id` <> '2' ) LIMIT 1   [ RunTime:0.000586s ]

[ 2013-08-13T16:05:37+08:00 ] 127.0.0.1 /sys/sys_system/companyInfoEditDo.html
INFO: [ app_begin ] --START--
INFO: ReadHtmlCache Behavior ::run [ RunTime:0.001647s ]
INFO: [ app_begin ] --END-- [ RunTime:0.001870s ]
NOTIC: [8] A session had already been started - ignoring session_start() C:\wamp\www\InterWork\Web\ThinkPHP\Common\functions.php 第 566 行.
SQL: SHOW COLUMNS FROM `jz_company` [ RunTime:0.003981s ]
SQL: SELECT * FROM `jz_company` WHERE ( `realname` = '上海交通大学ACM班' ) AND ( `company_id` <> '2' ) LIMIT 1   [ RunTime:0.000718s ]

[ 2013-08-13T16:05:41+08:00 ] 127.0.0.1 /sys/sys_system/companyInfoEditDo.html
INFO: [ app_begin ] --START--
INFO: ReadHtmlCache Behavior ::run [ RunTime:0.000954s ]
INFO: [ app_begin ] --END-- [ RunTime:0.001168s ]
NOTIC: [8] A session had already been started - ignoring session_start() C:\wamp\www\InterWork\Web\ThinkPHP\Common\functions.php 第 566 行.
SQL: SHOW COLUMNS FROM `jz_company` [ RunTime:0.005573s ]

[ 2013-08-13T16:06:12+08:00 ] 127.0.0.1 /sys/sys_system/companyInfoEditDo.html
INFO: [ app_begin ] --START--
INFO: ReadHtmlCache Behavior ::run [ RunTime:0.001006s ]
INFO: [ app_begin ] --END-- [ RunTime:0.001187s ]
NOTIC: [8] A session had already been started - ignoring session_start() C:\wamp\www\InterWork\Web\ThinkPHP\Common\functions.php 第 566 行.
SQL: SHOW COLUMNS FROM `jz_company` [ RunTime:0.004492s ]
SQL: SELECT * FROM `jz_company` WHERE ( `realname` = '上海交通大学ACM班' ) AND ( `company_id` <> '2' ) LIMIT 1   [ RunTime:0.000491s ]

[ 2013-08-13T16:06:15+08:00 ] 127.0.0.1 /sys/sys_system/companyInfoEditDo.html
INFO: [ app_begin ] --START--
INFO: ReadHtmlCache Behavior ::run [ RunTime:0.000959s ]
INFO: [ app_begin ] --END-- [ RunTime:0.001158s ]
NOTIC: [8] A session had already been started - ignoring session_start() C:\wamp\www\InterWork\Web\ThinkPHP\Common\functions.php 第 566 行.
SQL: SHOW COLUMNS FROM `jz_company` [ RunTime:0.003937s ]

[ 2013-08-13T16:06:19+08:00 ] 127.0.0.1 /sys/sys_system/companyInfoEditDo.html
INFO: [ app_begin ] --START--
INFO: ReadHtmlCache Behavior ::run [ RunTime:0.000848s ]
INFO: [ app_begin ] --END-- [ RunTime:0.001026s ]
NOTIC: [8] A session had already been started - ignoring session_start() C:\wamp\www\InterWork\Web\ThinkPHP\Common\functions.php 第 566 行.
SQL: SHOW COLUMNS FROM `jz_company` [ RunTime:0.003985s ]
SQL: SELECT * FROM `jz_company` WHERE ( `realname` = 'fffffffffffffffffff' ) AND ( `company_id` <> '2' ) LIMIT 1   [ RunTime:0.000936s ]

[ 2013-08-13T16:06:37+08:00 ] 127.0.0.1 /sys/sys_system/companyInfoEditDo.html
INFO: [ app_begin ] --START--
INFO: ReadHtmlCache Behavior ::run [ RunTime:0.001290s ]
INFO: [ app_begin ] --END-- [ RunTime:0.001535s ]
NOTIC: [8] A session had already been started - ignoring session_start() C:\wamp\www\InterWork\Web\ThinkPHP\Common\functions.php 第 566 行.
SQL: SHOW COLUMNS FROM `jz_company` [ RunTime:0.004066s ]
SQL: SELECT * FROM `jz_company` WHERE ( `realname` = '上海交通大学ACM班' ) AND ( `company_id` <> '2' ) LIMIT 1   [ RunTime:0.000503s ]

[ 2013-08-13T16:06:40+08:00 ] 127.0.0.1 /sys/sys_system/companyInfoEditDo.html
INFO: [ app_begin ] --START--
INFO: ReadHtmlCache Behavior ::run [ RunTime:0.000824s ]
INFO: [ app_begin ] --END-- [ RunTime:0.000999s ]
NOTIC: [8] A session had already been started - ignoring session_start() C:\wamp\www\InterWork\Web\ThinkPHP\Common\functions.php 第 566 行.
SQL: SHOW COLUMNS FROM `jz_company` [ RunTime:0.004202s ]

[ 2013-08-13T16:06:44+08:00 ] 127.0.0.1 /sys/sys_system/companyInfoEditDo.html
INFO: [ app_begin ] --START--
INFO: ReadHtmlCache Behavior ::run [ RunTime:0.002487s ]
INFO: [ app_begin ] --END-- [ RunTime:0.002717s ]
NOTIC: [8] A session had already been started - ignoring session_start() C:\wamp\www\InterWork\Web\ThinkPHP\Common\functions.php 第 566 行.
SQL: SHOW COLUMNS FROM `jz_company` [ RunTime:0.004142s ]
SQL: SELECT * FROM `jz_company` WHERE ( `realname` = '12312312312321312' ) AND ( `company_id` <> '2' ) LIMIT 1   [ RunTime:0.000523s ]

[ 2013-08-13T16:07:55+08:00 ] 127.0.0.1 /sys/sys_system/companyInfoEditDo.html
INFO: [ app_begin ] --START--
INFO: ReadHtmlCache Behavior ::run [ RunTime:0.000816s ]
INFO: [ app_begin ] --END-- [ RunTime:0.000994s ]
NOTIC: [8] A session had already been started - ignoring session_start() C:\wamp\www\InterWork\Web\ThinkPHP\Common\functions.php 第 566 行.
SQL: SHOW COLUMNS FROM `jz_company` [ RunTime:0.005302s ]
SQL: SELECT * FROM `jz_company` WHERE ( `realname` = '上海交通大学ACM班' ) AND ( `company_id` <> '2' ) LIMIT 1   [ RunTime:0.000639s ]

[ 2013-08-13T16:08:05+08:00 ] 127.0.0.1 /sys/sys_system/companyInfoEditDo.html
INFO: [ app_begin ] --START--
INFO: ReadHtmlCache Behavior ::run [ RunTime:0.000905s ]
INFO: [ app_begin ] --END-- [ RunTime:0.001193s ]
NOTIC: [8] A session had already been started - ignoring session_start() C:\wamp\www\InterWork\Web\ThinkPHP\Common\functions.php 第 566 行.
SQL: SHOW COLUMNS FROM `jz_company` [ RunTime:0.003913s ]
SQL: SELECT * FROM `jz_company` WHERE ( `realname` = '上海交通大学ACM班' ) AND ( `company_id` <> '2' ) LIMIT 1   [ RunTime:0.000655s ]

[ 2013-08-13T16:08:35+08:00 ] 127.0.0.1 /sys/sys_system/companyInfoEditDo.html
INFO: [ app_begin ] --START--
INFO: ReadHtmlCache Behavior ::run [ RunTime:0.001093s ]
INFO: [ app_begin ] --END-- [ RunTime:0.001329s ]
NOTIC: [8] A session had already been started - ignoring session_start() C:\wamp\www\InterWork\Web\ThinkPHP\Common\functions.php 第 566 行.
SQL: SHOW COLUMNS FROM `jz_company` [ RunTime:0.005029s ]
SQL: SELECT * FROM `jz_company` WHERE ( `realname` = '上海交通大学ACM班' ) AND ( `company_id` <> '2' ) LIMIT 1   [ RunTime:0.000641s ]

[ 2013-08-13T16:10:10+08:00 ] 127.0.0.1 /sys/sys_system/companyInfoEditDo.html
INFO: [ app_begin ] --START--
INFO: ReadHtmlCache Behavior ::run [ RunTime:0.001262s ]
INFO: [ app_begin ] --END-- [ RunTime:0.002006s ]
NOTIC: [8] A session had already been started - ignoring session_start() C:\wamp\www\InterWork\Web\ThinkPHP\Common\functions.php 第 566 行.
SQL: SHOW COLUMNS FROM `jz_company` [ RunTime:0.004751s ]
SQL: SELECT * FROM `jz_company` WHERE ( `realname` = '上海交通大学ACM班' ) AND ( `company_id` <> '2' ) LIMIT 1   [ RunTime:0.000510s ]

[ 2013-08-13T16:10:37+08:00 ] 127.0.0.1 /sys/sys_system/companyInfoEditDo.html
INFO: [ app_begin ] --START--
INFO: ReadHtmlCache Behavior ::run [ RunTime:0.000944s ]
INFO: [ app_begin ] --END-- [ RunTime:0.001136s ]
NOTIC: [8] A session had already been started - ignoring session_start() C:\wamp\www\InterWork\Web\ThinkPHP\Common\functions.php 第 566 行.
SQL: SHOW COLUMNS FROM `jz_company` [ RunTime:0.004191s ]
SQL: SELECT * FROM `jz_company` WHERE ( `realname` = '上海交通大学ACM班' ) AND ( `company_id` <> '2' ) LIMIT 1   [ RunTime:0.000539s ]

[ 2013-08-13T16:11:04+08:00 ] 127.0.0.1 /sys/sys_system/companyInfoEditDo.html
INFO: [ app_begin ] --START--
INFO: ReadHtmlCache Behavior ::run [ RunTime:0.000992s ]
INFO: [ app_begin ] --END-- [ RunTime:0.001368s ]
NOTIC: [8] A session had already been started - ignoring session_start() C:\wamp\www\InterWork\Web\ThinkPHP\Common\functions.php 第 566 行.
SQL: SHOW COLUMNS FROM `jz_company` [ RunTime:0.004305s ]
SQL: SELECT * FROM `jz_company` WHERE ( `realname` = '上海交通大学ACM班' ) AND ( `company_id` <> '2' ) LIMIT 1   [ RunTime:0.000506s ]

[ 2013-08-13T16:11:34+08:00 ] 127.0.0.1 /sys/sys_system/companyInfoEditDo.html
INFO: [ app_begin ] --START--
INFO: ReadHtmlCache Behavior ::run [ RunTime:0.001196s ]
INFO: [ app_begin ] --END-- [ RunTime:0.001830s ]
NOTIC: [8] A session had already been started - ignoring session_start() C:\wamp\www\InterWork\Web\ThinkPHP\Common\functions.php 第 566 行.
SQL: SHOW COLUMNS FROM `jz_company` [ RunTime:0.004542s ]
SQL: SELECT * FROM `jz_company` WHERE ( `realname` = '上海交通大学ACM班' ) AND ( `company_id` <> '2' ) LIMIT 1   [ RunTime:0.000497s ]

[ 2013-08-13T16:11:47+08:00 ] 127.0.0.1 /sys/sys_system/companyInfoEditDo.html
INFO: [ app_begin ] --START--
INFO: ReadHtmlCache Behavior ::run [ RunTime:0.001295s ]
INFO: [ app_begin ] --END-- [ RunTime:0.001533s ]
NOTIC: [8] A session had already been started - ignoring session_start() C:\wamp\www\InterWork\Web\ThinkPHP\Common\functions.php 第 566 行.
SQL: SHOW COLUMNS FROM `jz_company` [ RunTime:0.006299s ]
SQL: SELECT * FROM `jz_company` WHERE ( `realname` = '上海交通大学ACM班' ) AND ( `company_id` <> '2' ) LIMIT 1   [ RunTime:0.000529s ]

[ 2013-08-13T16:11:59+08:00 ] 127.0.0.1 /sys/sys_system/companyInfoEditDo.html
INFO: [ app_begin ] --START--
INFO: ReadHtmlCache Behavior ::run [ RunTime:0.001188s ]
INFO: [ app_begin ] --END-- [ RunTime:0.001485s ]
NOTIC: [8] A session had already been started - ignoring session_start() C:\wamp\www\InterWork\Web\ThinkPHP\Common\functions.php 第 566 行.
SQL: SHOW COLUMNS FROM `jz_company` [ RunTime:0.004366s ]
SQL: SELECT * FROM `jz_company` WHERE ( `realname` = '上海交通大学ACM班' ) AND ( `company_id` <> '2' ) LIMIT 1   [ RunTime:0.000656s ]

[ 2013-08-13T16:12:06+08:00 ] 127.0.0.1 /sys/sys_system/companyInfoEditDo.html
INFO: [ app_begin ] --START--
INFO: ReadHtmlCache Behavior ::run [ RunTime:0.000829s ]
INFO: [ app_begin ] --END-- [ RunTime:0.001004s ]
NOTIC: [8] A session had already been started - ignoring session_start() C:\wamp\www\InterWork\Web\ThinkPHP\Common\functions.php 第 566 行.
SQL: SHOW COLUMNS FROM `jz_company` [ RunTime:0.004021s ]
SQL: SELECT * FROM `jz_company` WHERE ( `realname` = '上海交通大学ACM班' ) AND ( `company_id` <> '2' ) LIMIT 1   [ RunTime:0.000941s ]

[ 2013-08-13T16:12:19+08:00 ] 127.0.0.1 /Company/registerCheck
INFO: [ app_begin ] --START--
INFO: ReadHtmlCache Behavior ::run [ RunTime:0.000978s ]
INFO: [ app_begin ] --END-- [ RunTime:0.001202s ]
NOTIC: [8] A session had already been started - ignoring session_start() C:\wamp\www\InterWork\Web\ThinkPHP\Common\functions.php 第 566 行.
NOTIC: 建议使用I方法替代_post
SQL: SHOW COLUMNS FROM `jz_company` [ RunTime:0.004380s ]
NOTIC: 建议使用I方法替代_post
NOTIC: 建议使用I方法替代_post
NOTIC: [2] Missing argument 3 for CompanyModel::isExist(), called in C:\wamp\www\InterWork\Web\Platform\Platform\Lib\Action\Home\CompanyAction.class.php on line 77 and defined C:\wamp\www\InterWork\Web\Platform\Platform\Lib\Model\Base\CompanyModel.class.php 第 42 行.
SQL: SELECT * FROM `jz_company` WHERE ( `realname` = 'sdf' ) LIMIT 1   [ RunTime:0.000517s ]
NOTIC: 建议使用I方法替代_post

[ 2013-08-13T16:12:46+08:00 ] 127.0.0.1 /sys/sys_system/companyInfoEditDo.html
INFO: [ app_begin ] --START--
INFO: ReadHtmlCache Behavior ::run [ RunTime:0.001052s ]
INFO: [ app_begin ] --END-- [ RunTime:0.001271s ]
NOTIC: [8] A session had already been started - ignoring session_start() C:\wamp\www\InterWork\Web\ThinkPHP\Common\functions.php 第 566 行.
SQL: SHOW COLUMNS FROM `jz_company` [ RunTime:0.004482s ]
SQL: SELECT * FROM `jz_company` WHERE ( `realname` = '上海交通大学ACM班' ) AND ( `company_id` <> '2' ) LIMIT 1   [ RunTime:0.000606s ]

[ 2013-08-13T16:12:58+08:00 ] 127.0.0.1 /sys/sys_system/companyInfoEditDo.html
INFO: [ app_begin ] --START--
INFO: ReadHtmlCache Behavior ::run [ RunTime:0.001022s ]
INFO: [ app_begin ] --END-- [ RunTime:0.001224s ]
NOTIC: [8] A session had already been started - ignoring session_start() C:\wamp\www\InterWork\Web\ThinkPHP\Common\functions.php 第 566 行.
SQL: SHOW COLUMNS FROM `jz_company` [ RunTime:0.004232s ]
SQL: SELECT * FROM `jz_company` WHERE ( `realname` = '上海交通大学ACM班' ) AND ( `company_id` <> '2' ) LIMIT 1   [ RunTime:0.000480s ]

[ 2013-08-13T16:13:10+08:00 ] 127.0.0.1 /sys/sys_system/companyInfoEditDo.html
INFO: [ app_begin ] --START--
INFO: ReadHtmlCache Behavior ::run [ RunTime:0.001048s ]
INFO: [ app_begin ] --END-- [ RunTime:0.001253s ]
NOTIC: [8] A session had already been started - ignoring session_start() C:\wamp\www\InterWork\Web\ThinkPHP\Common\functions.php 第 566 行.
SQL: SHOW COLUMNS FROM `jz_company` [ RunTime:0.004615s ]
SQL: SELECT * FROM `jz_company` WHERE ( `realname` = '上海交通大学ACM班' ) AND ( `company_id` <> '2' ) LIMIT 1   [ RunTime:0.000627s ]

[ 2013-08-13T16:13:24+08:00 ] 127.0.0.1 /sys/sys_system/companyInfoEditDo.html
INFO: [ app_begin ] --START--
INFO: ReadHtmlCache Behavior ::run [ RunTime:0.000972s ]
INFO: [ app_begin ] --END-- [ RunTime:0.001207s ]
NOTIC: [8] A session had already been started - ignoring session_start() C:\wamp\www\InterWork\Web\ThinkPHP\Common\functions.php 第 566 行.
SQL: SHOW COLUMNS FROM `jz_company` [ RunTime:0.004762s ]
SQL: SELECT * FROM `jz_company` WHERE ( `realname` = '上海交通大学ACM班' ) AND ( `company_id` <> '2' ) LIMIT 1   [ RunTime:0.000587s ]

[ 2013-08-13T16:13:31+08:00 ] 127.0.0.1 /sys/sys_system/companyInfoEditDo.html
INFO: [ app_begin ] --START--
INFO: ReadHtmlCache Behavior ::run [ RunTime:0.000844s ]
INFO: [ app_begin ] --END-- [ RunTime:0.001016s ]
NOTIC: [8] A session had already been started - ignoring session_start() C:\wamp\www\InterWork\Web\ThinkPHP\Common\functions.php 第 566 行.
SQL: SHOW COLUMNS FROM `jz_company` [ RunTime:0.004165s ]
SQL: SELECT * FROM `jz_company` WHERE ( `realname` = '上海交通大学ACM班' ) AND ( `company_id` <> '2' ) LIMIT 1   [ RunTime:0.000516s ]

[ 2013-08-13T16:13:40+08:00 ] 127.0.0.1 /sys/sys_system/companyInfoEditDo.html
INFO: [ app_begin ] --START--
INFO: ReadHtmlCache Behavior ::run [ RunTime:0.000852s ]
INFO: [ app_begin ] --END-- [ RunTime:0.001028s ]
NOTIC: [8] A session had already been started - ignoring session_start() C:\wamp\www\InterWork\Web\ThinkPHP\Common\functions.php 第 566 行.
SQL: SHOW COLUMNS FROM `jz_company` [ RunTime:0.003860s ]
SQL: SELECT * FROM `jz_company` WHERE ( `realname` = '上海交通大学ACM班' ) AND ( `company_id` <> '2' ) LIMIT 1   [ RunTime:0.000800s ]

[ 2013-08-13T16:13:43+08:00 ] 127.0.0.1 /sys/sys_system/companyInfoEditDo.html
INFO: [ app_begin ] --START--
INFO: ReadHtmlCache Behavior ::run [ RunTime:0.000968s ]
INFO: [ app_begin ] --END-- [ RunTime:0.001189s ]
NOTIC: [8] A session had already been started - ignoring session_start() C:\wamp\www\InterWork\Web\ThinkPHP\Common\functions.php 第 566 行.
SQL: SHOW COLUMNS FROM `jz_company` [ RunTime:0.004278s ]

[ 2013-08-13T16:13:47+08:00 ] 127.0.0.1 /sys/sys_system/companyInfoEditDo.html
INFO: [ app_begin ] --START--
INFO: ReadHtmlCache Behavior ::run [ RunTime:0.000941s ]
INFO: [ app_begin ] --END-- [ RunTime:0.001150s ]
NOTIC: [8] A session had already been started - ignoring session_start() C:\wamp\www\InterWork\Web\ThinkPHP\Common\functions.php 第 566 行.
SQL: SHOW COLUMNS FROM `jz_company` [ RunTime:0.003930s ]
SQL: SELECT * FROM `jz_company` WHERE ( `realname` = '上海交通大学ACM班' ) AND ( `company_id` <> '2' ) LIMIT 1   [ RunTime:0.000527s ]
SQL: SELECT * FROM `jz_company` WHERE ( `email` = 'acm@sjtu.edu.cn' ) AND ( `company_id` <> '2' ) LIMIT 1   [ RunTime:0.000538s ]
SQL: UPDATE `jz_company` SET `realname`='上海交通大学ACM班',`email`='acm@sjtu.edu.cn',`contact_name`='俞勇',`phone`='15216708847' WHERE ( `company_id` = 2 ) [ RunTime:0.067771s ]

[ 2013-08-13T16:13:57+08:00 ] 127.0.0.1 /sys/sys_system/companyInfoEditDo.html
INFO: [ app_begin ] --START--
INFO: ReadHtmlCache Behavior ::run [ RunTime:0.001145s ]
INFO: [ app_begin ] --END-- [ RunTime:0.001375s ]
NOTIC: [8] A session had already been started - ignoring session_start() C:\wamp\www\InterWork\Web\ThinkPHP\Common\functions.php 第 566 行.
SQL: SHOW COLUMNS FROM `jz_company` [ RunTime:0.006082s ]
SQL: SELECT * FROM `jz_company` WHERE ( `realname` = '上海交通大学ACM班' ) AND ( `company_id` <> '2' ) LIMIT 1   [ RunTime:0.000660s ]

[ 2013-08-13T16:14:02+08:00 ] 127.0.0.1 /sys/sys_system/companyInfoEditDo.html
INFO: [ app_begin ] --START--
INFO: ReadHtmlCache Behavior ::run [ RunTime:0.000871s ]
INFO: [ app_begin ] --END-- [ RunTime:0.001059s ]
NOTIC: [8] A session had already been started - ignoring session_start() C:\wamp\www\InterWork\Web\ThinkPHP\Common\functions.php 第 566 行.
SQL: SHOW COLUMNS FROM `jz_company` [ RunTime:0.004074s ]
SQL: SELECT * FROM `jz_company` WHERE ( `realname` = '上海交通大学ACM班' ) AND ( `company_id` <> '2' ) LIMIT 1   [ RunTime:0.000491s ]
SQL: SELECT * FROM `jz_company` WHERE ( `email` = 'acm@sjtutu.cn' ) AND ( `company_id` <> '2' ) LIMIT 1   [ RunTime:0.000679s ]
SQL: UPDATE `jz_company` SET `realname`='上海交通大学ACM班',`email`='acm@sjtutu.cn',`contact_name`='俞勇',`phone`='15216708847' WHERE ( `company_id` = 2 ) [ RunTime:0.073223s ]

[ 2013-08-13T16:14:28+08:00 ] 127.0.0.1 /sys/sys_system/companyInfoEditDo.html
INFO: [ app_begin ] --START--
INFO: ReadHtmlCache Behavior ::run [ RunTime:0.001150s ]
INFO: [ app_begin ] --END-- [ RunTime:0.001397s ]
NOTIC: [8] A session had already been started - ignoring session_start() C:\wamp\www\InterWork\Web\ThinkPHP\Common\functions.php 第 566 行.
SQL: SHOW COLUMNS FROM `jz_company` [ RunTime:0.004972s ]
SQL: SELECT * FROM `jz_company` WHERE ( `realname` = '上海交通大学ACM班' ) AND ( `company_id` <> '2' ) LIMIT 1   [ RunTime:0.000790s ]

[ 2013-08-13T16:14:32+08:00 ] 127.0.0.1 /sys/sys_system/companyInfoEditDo.html
INFO: [ app_begin ] --START--
INFO: ReadHtmlCache Behavior ::run [ RunTime:0.000839s ]
INFO: [ app_begin ] --END-- [ RunTime:0.001026s ]
NOTIC: [8] A session had already been started - ignoring session_start() C:\wamp\www\InterWork\Web\ThinkPHP\Common\functions.php 第 566 行.
SQL: SHOW COLUMNS FROM `jz_company` [ RunTime:0.004395s ]
SQL: SELECT * FROM `jz_company` WHERE ( `realname` = '上海交通大学ACM班' ) AND ( `company_id` <> '2' ) LIMIT 1   [ RunTime:0.000559s ]
SQL: SELECT * FROM `jz_company` WHERE ( `email` = 'acm@sjt.cn' ) AND ( `company_id` <> '2' ) LIMIT 1   [ RunTime:0.001129s ]
SQL: UPDATE `jz_company` SET `realname`='上海交通大学ACM班',`email`='acm@sjt.cn',`contact_name`='俞勇',`phone`='15216708847' WHERE ( `company_id` = 2 ) [ RunTime:0.071278s ]

[ 2013-08-13T16:14:38+08:00 ] 127.0.0.1 /sys/sys_system/companyInfoEditDo.html
INFO: [ app_begin ] --START--
INFO: ReadHtmlCache Behavior ::run [ RunTime:0.001171s ]
INFO: [ app_begin ] --END-- [ RunTime:0.001457s ]
NOTIC: [8] A session had already been started - ignoring session_start() C:\wamp\www\InterWork\Web\ThinkPHP\Common\functions.php 第 566 行.
SQL: SHOW COLUMNS FROM `jz_company` [ RunTime:0.005891s ]
SQL: SELECT * FROM `jz_company` WHERE ( `realname` = '上海交通大学ACM班' ) AND ( `company_id` <> '2' ) LIMIT 1   [ RunTime:0.000665s ]
SQL: SELECT * FROM `jz_company` WHERE ( `email` = 'acm@sjtu.edu.cn' ) AND ( `company_id` <> '2' ) LIMIT 1   [ RunTime:0.000639s ]
SQL: UPDATE `jz_company` SET `realname`='上海交通大学ACM班',`email`='acm@sjtu.edu.cn',`contact_name`='俞勇',`phone`='15216708847' WHERE ( `company_id` = 2 ) [ RunTime:0.068961s ]

[ 2013-08-13T16:14:44+08:00 ] 127.0.0.1 /sys/sys_system/companyInfoEditDo.html
INFO: [ app_begin ] --START--
INFO: ReadHtmlCache Behavior ::run [ RunTime:0.001139s ]
INFO: [ app_begin ] --END-- [ RunTime:0.001364s ]
NOTIC: [8] A session had already been started - ignoring session_start() C:\wamp\www\InterWork\Web\ThinkPHP\Common\functions.php 第 566 行.
SQL: SHOW COLUMNS FROM `jz_company` [ RunTime:0.004083s ]
SQL: SELECT * FROM `jz_company` WHERE ( `realname` = '上海交通大学ACM班' ) AND ( `company_id` <> '2' ) LIMIT 1   [ RunTime:0.000575s ]
SQL: SELECT * FROM `jz_company` WHERE ( `email` = 'weiqin@vip.126.com' ) AND ( `company_id` <> '2' ) LIMIT 1   [ RunTime:0.000598s ]

[ 2013-08-13T16:16:17+08:00 ] 127.0.0.1 /sys/sys_system/companyInfoEditDo.html
INFO: [ app_begin ] --START--
INFO: ReadHtmlCache Behavior ::run [ RunTime:0.000984s ]
INFO: [ app_begin ] --END-- [ RunTime:0.001183s ]
NOTIC: [8] A session had already been started - ignoring session_start() C:\wamp\www\InterWork\Web\ThinkPHP\Common\functions.php 第 566 行.
SQL: SHOW COLUMNS FROM `jz_company` [ RunTime:0.004494s ]
SQL: SELECT * FROM `jz_company` WHERE ( `realname` = '上海交通大学ACM班' ) AND ( `company_id` <> '2' ) LIMIT 1   [ RunTime:0.000507s ]
SQL: SELECT * FROM `jz_company` WHERE ( `email` = 'acm@sjtu.edu.cn' ) AND ( `company_id` <> '2' ) LIMIT 1   [ RunTime:0.000452s ]
SQL: UPDATE `jz_company` SET `realname`='上海交通大学ACM班',`email`='acm@sjtu.edu.cn',`contact_name`='俞勇',`phone`='15216708847' WHERE ( `company_id` = 2 ) [ RunTime:0.074877s ]

[ 2013-08-13T16:19:39+08:00 ] 127.0.0.1 /rms.html
ERR: 无法加载模块:Rms

[ 2013-08-13T16:20:07+08:00 ] 127.0.0.1 /rms.html
ERR: 无法加载模块:Rms

[ 2013-08-13T20:02:07+08:00 ] 127.0.0.1 /rms.html
ERR: 无法加载模块:Rms

[ 2013-08-13T20:03:15+08:00 ] 127.0.0.1 /Company/registerDo
INFO: [ app_begin ] --START--
INFO: ReadHtmlCache Behavior ::run [ RunTime:0.003130s ]
INFO: [ app_begin ] --END-- [ RunTime:0.003391s ]
NOTIC: [8] A session had already been started - ignoring session_start() C:\wamp\www\InterWork\Web\ThinkPHP\Common\functions.php 第 566 行.
NOTIC: 建议使用I方法替代_post
NOTIC: 建议使用I方法替代_post
NOTIC: 建议使用I方法替代_post
NOTIC: 建议使用I方法替代_post

[ 2013-08-13T20:03:16+08:00 ] 127.0.0.1 /Company/registerDo
INFO: [ app_begin ] --START--
INFO: ReadHtmlCache Behavior ::run [ RunTime:0.001321s ]
INFO: [ app_begin ] --END-- [ RunTime:0.001566s ]
NOTIC: [8] A session had already been started - ignoring session_start() C:\wamp\www\InterWork\Web\ThinkPHP\Common\functions.php 第 566 行.
NOTIC: 建议使用I方法替代_post
NOTIC: 建议使用I方法替代_post
NOTIC: 建议使用I方法替代_post
NOTIC: 建议使用I方法替代_post

[ 2013-08-13T20:03:28+08:00 ] 127.0.0.1 /Company/loginDo
INFO: [ app_begin ] --START--
INFO: ReadHtmlCache Behavior ::run [ RunTime:0.001509s ]
INFO: [ app_begin ] --END-- [ RunTime:0.001724s ]
NOTIC: [8] A session had already been started - ignoring session_start() C:\wamp\www\InterWork\Web\ThinkPHP\Common\functions.php 第 566 行.
SQL: SHOW COLUMNS FROM `jz_user` [ RunTime:0.005551s ]
NOTIC: 建议使用I方法替代_post
SQL: SELECT * FROM `jz_user` WHERE ( `email` = 'acm@sjtu.edu.cn' ) LIMIT 1   [ RunTime:0.001213s ]
NOTIC: 建议使用I方法替代_post
SQL: SHOW COLUMNS FROM `jz_company` [ RunTime:0.004645s ]
SQL: SELECT * FROM `jz_company` WHERE ( `company_id` = 2 ) LIMIT 1   [ RunTime:0.008327s ]

[ 2013-08-13T20:03:40+08:00 ] 127.0.0.1 /sys/sys_system/companyInfoEditDo.html
INFO: [ app_begin ] --START--
INFO: ReadHtmlCache Behavior ::run [ RunTime:0.000881s ]
INFO: [ app_begin ] --END-- [ RunTime:0.001073s ]
NOTIC: [8] A session had already been started - ignoring session_start() C:\wamp\www\InterWork\Web\ThinkPHP\Common\functions.php 第 566 行.
SQL: SHOW COLUMNS FROM `jz_company` [ RunTime:0.004022s ]
SQL: SELECT * FROM `jz_company` WHERE ( `realname` = '上海交通大学ACM班' ) AND ( `company_id` <> '2' ) LIMIT 1   [ RunTime:0.000553s ]
SQL: SELECT * FROM `jz_company` WHERE ( `email` = 'acm@sjtu.edu.cn' ) AND ( `company_id` <> '2' ) LIMIT 1   [ RunTime:0.000391s ]
SQL: UPDATE `jz_company` SET `realname`='上海交通大学ACM班',`email`='acm@sjtu.edu.cn',`contact_name`='俞勇',`phone`='15216708847' WHERE ( `company_id` = 2 ) [ RunTime:0.118529s ]

[ 2013-08-13T20:03:45+08:00 ] 127.0.0.1 /sys/sys_system/companyInfoEditDo.html
INFO: [ app_begin ] --START--
INFO: ReadHtmlCache Behavior ::run [ RunTime:0.000846s ]
INFO: [ app_begin ] --END-- [ RunTime:0.001020s ]
NOTIC: [8] A session had already been started - ignoring session_start() C:\wamp\www\InterWork\Web\ThinkPHP\Common\functions.php 第 566 行.
SQL: SHOW COLUMNS FROM `jz_company` [ RunTime:0.004096s ]
SQL: SELECT * FROM `jz_company` WHERE ( `realname` = '上海交通大学ACM班' ) AND ( `company_id` <> '2' ) LIMIT 1   [ RunTime:0.000761s ]

[ 2013-08-13T20:03:48+08:00 ] 127.0.0.1 /sys/sys_system/companyInfoEditDo.html
INFO: [ app_begin ] --START--
INFO: ReadHtmlCache Behavior ::run [ RunTime:0.001123s ]
INFO: [ app_begin ] --END-- [ RunTime:0.001332s ]
NOTIC: [8] A session had already been started - ignoring session_start() C:\wamp\www\InterWork\Web\ThinkPHP\Common\functions.php 第 566 行.
SQL: SHOW COLUMNS FROM `jz_company` [ RunTime:0.004435s ]
SQL: SELECT * FROM `jz_company` WHERE ( `realname` = '上海交通大学ACM班' ) AND ( `company_id` <> '2' ) LIMIT 1   [ RunTime:0.000489s ]

[ 2013-08-13T20:07:55+08:00 ] 127.0.0.1 /Company/loginDo
INFO: [ app_begin ] --START--
INFO: ReadHtmlCache Behavior ::run [ RunTime:0.000875s ]
INFO: [ app_begin ] --END-- [ RunTime:0.001058s ]
NOTIC: [8] A session had already been started - ignoring session_start() C:\wamp\www\InterWork\Web\ThinkPHP\Common\functions.php 第 566 行.
SQL: SHOW COLUMNS FROM `jz_user` [ RunTime:0.004697s ]
NOTIC: 建议使用I方法替代_post
SQL: SELECT * FROM `jz_user` WHERE ( `email` = 'weiqin@vip.126.com' ) LIMIT 1   [ RunTime:0.000468s ]
NOTIC: 建议使用I方法替代_post
SQL: SHOW COLUMNS FROM `jz_company` [ RunTime:0.004412s ]
SQL: SELECT * FROM `jz_company` WHERE ( `company_id` = 1 ) LIMIT 1   [ RunTime:0.000423s ]

[ 2013-08-13T20:08:14+08:00 ] 127.0.0.1 /rms.html
ERR: 无法加载模块:Rms

[ 2013-08-13T20:08:57+08:00 ] 127.0.0.1 /rms.html
ERR: 无法加载模块:Rms

[ 2013-08-13T20:08:59+08:00 ] 127.0.0.1 /rms.html
ERR: 无法加载模块:Rms

[ 2013-08-13T20:08:59+08:00 ] 127.0.0.1 /rms.html
ERR: 无法加载模块:Rms

[ 2013-08-13T20:09:04+08:00 ] 127.0.0.1 /rms.html
ERR: 无法加载模块:Rms

[ 2013-08-13T20:09:15+08:00 ] 127.0.0.1 /rms.html
ERR: 无法加载模块:Rms

[ 2013-08-13T20:09:15+08:00 ] 127.0.0.1 /rms.html
ERR: 无法加载模块:Rms

[ 2013-08-13T20:09:15+08:00 ] 127.0.0.1 /rms.html
ERR: 无法加载模块:Rms

[ 2013-08-13T20:09:22+08:00 ] 127.0.0.1 /rms.html
ERR: 无法加载模块:Rms

[ 2013-08-13T20:10:22+08:00 ] 127.0.0.1 /rms/rms_system/overview
ERR: 无法加载模块:RmsSystem

[ 2013-08-13T20:10:39+08:00 ] 127.0.0.1 /rms/rms_system/overview
ERR: 无法加载模块:RmsSystem

[ 2013-08-13T20:10:44+08:00 ] 127.0.0.1 /rms/rms_system/overview
ERR: 无法加载模块:RmsSystem

[ 2013-08-13T20:10:46+08:00 ] 127.0.0.1 /rms/rms_system/overview
ERR: 无法加载模块:RmsSystem

[ 2013-08-13T20:10:54+08:00 ] 127.0.0.1 /rms/rms_system/overview
ERR: 无法加载模块:RmsSystem

[ 2013-08-13T20:12:12+08:00 ] 127.0.0.1 /rms/rms_system/overview
ERR: 无法加载模块:RmsSystem

[ 2013-08-13T20:12:16+08:00 ] 127.0.0.1 /rms/rms_system/overview
ERR: 无法加载模块:RmsSystem

[ 2013-08-13T20:12:54+08:00 ] 127.0.0.1 /rms/rms_system/overview
ERR: 无法加载模块:RmsSystem

[ 2013-08-13T20:12:56+08:00 ] 127.0.0.1 /rms/rms_system/overview
ERR: 无法加载模块:RmsSystem

[ 2013-08-13T20:13:01+08:00 ] 127.0.0.1 /rms/rms_system/overview
ERR: 无法加载模块:RmsSystem

[ 2013-08-13T20:13:07+08:00 ] 127.0.0.1 /rms/rms_system/overview
ERR: 无法加载模块:RmsSystem

[ 2013-08-13T20:13:09+08:00 ] 127.0.0.1 /rms/rms_system/companyInfoEdit
ERR: 无法加载模块:RmsSystem

[ 2013-08-13T20:13:09+08:00 ] 127.0.0.1 /rms/rms_system/overview
ERR: 无法加载模块:RmsSystem

[ 2013-08-13T20:13:12+08:00 ] 127.0.0.1 /rms/rms_system/overview
ERR: 无法加载模块:RmsSystem

[ 2013-08-13T20:13:27+08:00 ] 127.0.0.1 /rms/rms_system/overview
ERR: 无法加载模块:RmsSystem

[ 2013-08-13T20:13:34+08:00 ] 127.0.0.1 /rms/rms_system/overview
ERR: 无法加载模块:RmsSystem

[ 2013-08-13T20:13:35+08:00 ] 127.0.0.1 /rms/rms_system/companyInfoEdit
ERR: 无法加载模块:RmsSystem

[ 2013-08-13T20:13:36+08:00 ] 127.0.0.1 /rms/rms_system/overview
ERR: 无法加载模块:RmsSystem

[ 2013-08-13T20:13:42+08:00 ] 127.0.0.1 /rms/rms_system/overview
ERR: 无法加载模块:RmsSystem

[ 2013-08-13T20:13:54+08:00 ] 127.0.0.1 /rms/rms_system/overview
ERR: 无法加载模块:RmsSystem

[ 2013-08-13T20:13:55+08:00 ] 127.0.0.1 /rms/rms_system/companyInfoEdit
ERR: 无法加载模块:RmsSystem

[ 2013-08-13T20:13:56+08:00 ] 127.0.0.1 /rms/rms_system/companyInfoEdit
ERR: 无法加载模块:RmsSystem

[ 2013-08-13T20:13:56+08:00 ] 127.0.0.1 /rms/rms_system/overview
ERR: 无法加载模块:RmsSystem

[ 2013-08-13T20:14:06+08:00 ] 127.0.0.1 /rms/rms_system/companyInfoEdit
ERR: 无法加载模块:RmsSystem

[ 2013-08-13T20:14:06+08:00 ] 127.0.0.1 /rms/rms_system/companyInfoEdit
ERR: 无法加载模块:RmsSystem

[ 2013-08-13T20:15:51+08:00 ] 127.0.0.1 /rms/rms_system/overview
ERR: 无法加载模块:RmsSystem

[ 2013-08-13T20:15:53+08:00 ] 127.0.0.1 /rms/rms_system/overview
ERR: 无法加载模块:RmsSystem

[ 2013-08-13T20:17:12+08:00 ] 127.0.0.1 /rms/rms_resume/list
ERR: 无法加载模块:RmsResume

[ 2013-08-13T20:17:13+08:00 ] 127.0.0.1 /rms/rms_resume/new
ERR: 无法加载模块:RmsResume

[ 2013-08-13T20:17:14+08:00 ] 127.0.0.1 /rms/rms_resume/import
ERR: 无法加载模块:RmsResume

[ 2013-08-13T20:17:15+08:00 ] 127.0.0.1 /rms/rms_resume/new
ERR: 无法加载模块:RmsResume

[ 2013-08-13T20:17:15+08:00 ] 127.0.0.1 /rms/rms_resume/list
ERR: 无法加载模块:RmsResume

[ 2013-08-13T20:17:17+08:00 ] 127.0.0.1 /rms/rms_resume/import
ERR: 无法加载模块:RmsResume

[ 2013-08-13T20:17:18+08:00 ] 127.0.0.1 /rms/rms_resume/new
ERR: 无法加载模块:RmsResume

[ 2013-08-13T20:17:19+08:00 ] 127.0.0.1 /rms/rms_resume/list
ERR: 无法加载模块:RmsResume

[ 2013-08-13T20:17:19+08:00 ] 127.0.0.1 /rms/rms_resume/new
ERR: 无法加载模块:RmsResume

[ 2013-08-13T20:17:20+08:00 ] 127.0.0.1 /rms/rms_resume/list
ERR: 无法加载模块:RmsResume

[ 2013-08-13T20:17:21+08:00 ] 127.0.0.1 /rms/rms_resume/import
ERR: 无法加载模块:RmsResume

[ 2013-08-13T20:17:21+08:00 ] 127.0.0.1 /rms/rms_resume/list
ERR: 无法加载模块:RmsResume

[ 2013-08-13T20:17:22+08:00 ] 127.0.0.1 /rms/rms_resume/new
ERR: 无法加载模块:RmsResume

[ 2013-08-13T20:17:22+08:00 ] 127.0.0.1 /rms/rms_resume/import
ERR: 无法加载模块:RmsResume

[ 2013-08-13T20:17:22+08:00 ] 127.0.0.1 /rms/rms_resume/new
ERR: 无法加载模块:RmsResume

[ 2013-08-13T20:17:23+08:00 ] 127.0.0.1 /rms/rms_resume/list
ERR: 无法加载模块:RmsResume

[ 2013-08-13T20:17:24+08:00 ] 127.0.0.1 /rms/rms_resume/list
ERR: 无法加载模块:RmsResume

[ 2013-08-13T20:17:33+08:00 ] 127.0.0.1 /rms/rms_resume/list
ERR: 无法加载模块:RmsResume

[ 2013-08-13T20:17:54+08:00 ] 127.0.0.1 /rms/rms_resume/list
ERR: 无法加载模块:RmsResume

[ 2013-08-13T20:17:56+08:00 ] 127.0.0.1 /rms/rms_resume/list
ERR: 无法加载模块:RmsResume

[ 2013-08-13T20:17:56+08:00 ] 127.0.0.1 /rms/rms_resume/new
ERR: 无法加载模块:RmsResume

[ 2013-08-13T20:17:57+08:00 ] 127.0.0.1 /rms/rms_resume/import
ERR: 无法加载模块:RmsResume

[ 2013-08-13T20:17:58+08:00 ] 127.0.0.1 /rms/rms_resume/list
ERR: 无法加载模块:RmsResume

[ 2013-08-13T20:20:43+08:00 ] 127.0.0.1 /rms/rms_resume/list
ERR: 无法加载模块:RmsResume

[ 2013-08-13T20:20:43+08:00 ] 127.0.0.1 /rms/rms_resume/new
ERR: 无法加载模块:RmsResume

[ 2013-08-13T20:20:44+08:00 ] 127.0.0.1 /rms/rms_resume/import
ERR: 无法加载模块:RmsResume

[ 2013-08-13T20:20:45+08:00 ] 127.0.0.1 /rms/rms_resume/list
ERR: 无法加载模块:RmsResume

[ 2013-08-13T20:20:46+08:00 ] 127.0.0.1 /rms/rms_resume/list
ERR: 无法加载模块:RmsResume

[ 2013-08-13T20:20:51+08:00 ] 127.0.0.1 /rms/rms_resume/new
ERR: 无法加载模块:RmsResume

[ 2013-08-13T20:20:52+08:00 ] 127.0.0.1 /rms/rms_resume/list
ERR: 无法加载模块:RmsResume

[ 2013-08-13T20:21:03+08:00 ] 127.0.0.1 /rms/rms_resume/new
ERR: 无法加载模块:RmsResume

[ 2013-08-13T20:21:05+08:00 ] 127.0.0.1 /rms/rms_resume/import
ERR: 无法加载模块:RmsResume

[ 2013-08-13T20:21:13+08:00 ] 127.0.0.1 /rms/rms_resume/import
ERR: 无法加载模块:RmsResume

[ 2013-08-13T20:21:14+08:00 ] 127.0.0.1 /rms/rms_resume/import
ERR: 无法加载模块:RmsResume

[ 2013-08-13T20:21:14+08:00 ] 127.0.0.1 /rms/rms_resume/new
ERR: 无法加载模块:RmsResume

[ 2013-08-13T20:21:16+08:00 ] 127.0.0.1 /rms/rms_resume/new
ERR: 无法加载模块:RmsResume

[ 2013-08-13T20:23:58+08:00 ] 127.0.0.1 /rms/rms_resume/new
ERR: 无法加载模块:RmsResume

[ 2013-08-13T20:25:40+08:00 ] 127.0.0.1 /rms/rms_resume/list
ERR: 无法加载模块:RmsResume

[ 2013-08-13T20:25:40+08:00 ] 127.0.0.1 /rms/rms_resume/new
ERR: 无法加载模块:RmsResume

[ 2013-08-13T20:25:51+08:00 ] 127.0.0.1 /rms/rms_resume/new
ERR: 无法加载模块:RmsResume

[ 2013-08-13T20:26:11+08:00 ] 127.0.0.1 /rms/rms_resume/list
ERR: 无法加载模块:RmsResume

[ 2013-08-13T20:26:35+08:00 ] 127.0.0.1 /rms/rms_resume/new
ERR: 无法加载模块:RmsResume

[ 2013-08-13T20:26:36+08:00 ] 127.0.0.1 /rms/rms_resume/list
ERR: 无法加载模块:RmsResume

[ 2013-08-13T20:36:58+08:00 ] 127.0.0.1 /rms/rms_resume/new
ERR: 无法加载模块:RmsResume

[ 2013-08-13T20:36:59+08:00 ] 127.0.0.1 /rms/rms_resume/list
ERR: 无法加载模块:RmsResume

[ 2013-08-13T20:42:34+08:00 ] 127.0.0.1 /rms/rms_resume/new
ERR: 无法加载模块:RmsResume

[ 2013-08-13T20:42:35+08:00 ] 127.0.0.1 /rms/rms_resume/import
ERR: 无法加载模块:RmsResume

[ 2013-08-13T20:42:35+08:00 ] 127.0.0.1 /rms/rms_resume/new
ERR: 无法加载模块:RmsResume

[ 2013-08-13T20:42:36+08:00 ] 127.0.0.1 /rms/rms_resume/list
ERR: 无法加载模块:RmsResume

[ 2013-08-13T20:42:45+08:00 ] 127.0.0.1 /rms/rms_resume/new
ERR: 无法加载模块:RmsResume

[ 2013-08-13T20:42:46+08:00 ] 127.0.0.1 /rms/rms_resume/list
ERR: 无法加载模块:RmsResume

