[ 2013-09-05T01:15:13+08:00 ] 127.0.0.1 /Company/loginDo
INFO: [ app_begin ] --START--
INFO: ReadHtmlCache Behavior ::run [ RunTime:0.001213s ]
INFO: [ app_begin ] --END-- [ RunTime:0.001548s ]
NOTIC: [8] A session had already been started - ignoring session_start() C:\wamp\www\InterWork\Web\ThinkPHP\Common\functions.php 第 566 行.
SQL: SHOW COLUMNS FROM `jz_user` [ RunTime:0.005994s ]
NOTIC: 建议使用I方法替代_post
SQL: SELECT * FROM `jz_user` WHERE ( `email` = 'weiqin@vip.126.com' ) LIMIT 1   [ RunTime:0.000550s ]
NOTIC: 建议使用I方法替代_post
SQL: SHOW COLUMNS FROM `jz_company` [ RunTime:0.005985s ]
SQL: SELECT * FROM `jz_company` WHERE ( `company_id` = 1 ) LIMIT 1   [ RunTime:0.000528s ]

[ 2013-09-05T01:15:38+08:00 ] 127.0.0.1 /js/manage/page.js
ERR: 无法加载模块:Js

[ 2013-09-05T01:15:44+08:00 ] 127.0.0.1 /js/manage/page.js
ERR: 无法加载模块:Js

[ 2013-09-05T01:15:47+08:00 ] 127.0.0.1 /js/manage/page.js
ERR: 无法加载模块:Js

[ 2013-09-05T01:19:22+08:00 ] 127.0.0.1 /Company/loginDo
INFO: [ app_begin ] --START--
INFO: ReadHtmlCache Behavior ::run [ RunTime:0.001461s ]
INFO: [ app_begin ] --END-- [ RunTime:0.001663s ]
NOTIC: [8] A session had already been started - ignoring session_start() C:\wamp\www\InterWork\Web\ThinkPHP\Common\functions.php 第 566 行.
SQL: SHOW COLUMNS FROM `jz_user` [ RunTime:0.005551s ]
NOTIC: 建议使用I方法替代_post
SQL: SELECT * FROM `jz_user` WHERE ( `email` = 'weiqin@vip.126.com' ) LIMIT 1   [ RunTime:0.001068s ]
NOTIC: 建议使用I方法替代_post
SQL: SHOW COLUMNS FROM `jz_company` [ RunTime:0.006598s ]
SQL: SELECT * FROM `jz_company` WHERE ( `company_id` = 1 ) LIMIT 1   [ RunTime:0.005174s ]

[ 2013-09-05T01:21:04+08:00 ] 127.0.0.1 /js/manage/page.js
ERR: 无法加载模块:Js

[ 2013-09-05T01:21:07+08:00 ] 127.0.0.1 /js/manage/page.js
ERR: 无法加载模块:Js

