[ 2013-09-04T11:22:33+08:00 ] 127.0.0.1 /Company/loginDo
INFO: [ app_begin ] --START--
INFO: ReadHtmlCache Behavior ::run [ RunTime:0.001210s ]
INFO: [ app_begin ] --END-- [ RunTime:0.001440s ]
NOTIC: [8] A session had already been started - ignoring session_start() C:\wamp\www\InterWork\Web\ThinkPHP\Common\functions.php 第 566 行.
SQL: SHOW COLUMNS FROM `jz_user` [ RunTime:0.074731s ]
NOTIC: 建议使用I方法替代_post
SQL: SELECT * FROM `jz_user` WHERE ( `email` = 'weiqin@vip.126.com' ) LIMIT 1   [ RunTime:0.000874s ]
NOTIC: 建议使用I方法替代_post
SQL: SHOW COLUMNS FROM `jz_company` [ RunTime:0.017788s ]
SQL: SELECT * FROM `jz_company` WHERE ( `company_id` = 1 ) LIMIT 1   [ RunTime:0.000995s ]

[ 2013-09-04T12:09:29+08:00 ] 127.0.0.1 /rms/rmstalent/education_id/0
ERR: 无法加载模块:Rmstalent

[ 2013-09-04T12:10:49+08:00 ] 127.0.0.1 /js/manage/page.js
ERR: 无法加载模块:Js

[ 2013-09-04T12:16:07+08:00 ] 127.0.0.1 /Company/loginDo
INFO: [ app_begin ] --START--
INFO: ReadHtmlCache Behavior ::run [ RunTime:0.002816s ]
INFO: [ app_begin ] --END-- [ RunTime:0.003082s ]
NOTIC: [8] A session had already been started - ignoring session_start() C:\wamp\www\InterWork\Web\ThinkPHP\Common\functions.php 第 566 行.
SQL: SHOW COLUMNS FROM `jz_user` [ RunTime:0.005728s ]
NOTIC: 建议使用I方法替代_post
SQL: SELECT * FROM `jz_user` WHERE ( `email` = 'weiqin@vip.126.com' ) LIMIT 1   [ RunTime:0.000773s ]
NOTIC: 建议使用I方法替代_post
SQL: SHOW COLUMNS FROM `jz_company` [ RunTime:0.004924s ]
SQL: SELECT * FROM `jz_company` WHERE ( `company_id` = 1 ) LIMIT 1   [ RunTime:0.000618s ]

[ 2013-09-04T12:16:45+08:00 ] 127.0.0.1 /js/manage/page.js
ERR: 无法加载模块:Js

[ 2013-09-04T13:05:10+08:00 ] 127.0.0.1 /js/manage/page.js
ERR: 无法加载模块:Js

[ 2013-09-04T14:08:15+08:00 ] 127.0.0.1 /js/manage/page.js
ERR: 无法加载模块:Js

[ 2013-09-04T14:41:01+08:00 ] 127.0.0.1 /js/manage/page.js
ERR: 无法加载模块:Js

[ 2013-09-04T14:46:10+08:00 ] 127.0.0.1 /js/manage/page.js
ERR: 无法加载模块:Js

[ 2013-09-04T15:00:15+08:00 ] 127.0.0.1 /js/manage/page.js
ERR: 无法加载模块:Js

[ 2013-09-04T15:01:42+08:00 ] 127.0.0.1 /js/manage/page.js
ERR: 无法加载模块:Js

[ 2013-09-04T16:31:43+08:00 ] 127.0.0.1 /Company/loginDo
INFO: [ app_begin ] --START--
INFO: ReadHtmlCache Behavior ::run [ RunTime:0.001308s ]
INFO: [ app_begin ] --END-- [ RunTime:0.001504s ]
NOTIC: [8] A session had already been started - ignoring session_start() C:\wamp\www\InterWork\Web\ThinkPHP\Common\functions.php 第 566 行.
SQL: SHOW COLUMNS FROM `jz_user` [ RunTime:0.006126s ]
NOTIC: 建议使用I方法替代_post
SQL: SELECT * FROM `jz_user` WHERE ( `email` = 'weiqin@vip.126.com' ) LIMIT 1   [ RunTime:0.000670s ]
NOTIC: 建议使用I方法替代_post
SQL: SHOW COLUMNS FROM `jz_company` [ RunTime:0.005783s ]
SQL: SELECT * FROM `jz_company` WHERE ( `company_id` = 1 ) LIMIT 1   [ RunTime:0.000512s ]

