[ 2013-09-26T20:07:21+08:00 ] 192.168.0.100 /Company/loginDo
INFO: [ app_begin ] --START--
INFO: ReadHtmlCache Behavior ::run [ RunTime:0.000913s ]
INFO: [ app_begin ] --END-- [ RunTime:0.001461s ]
NOTIC: [8] A session had already been started - ignoring session_start() C:\wamp\www\jizhao\web\ThinkPHP\Common\functions.php 第 566 行.
SQL: SHOW COLUMNS FROM `jz_user` [ RunTime:0.177326s ]
NOTIC: 建议使用I方法替代_post
SQL: SELECT * FROM `jz_user` WHERE ( `email` = 'weiqin@vip.126.com' ) LIMIT 1   [ RunTime:0.042035s ]
NOTIC: 建议使用I方法替代_post
SQL: SHOW COLUMNS FROM `jz_company` [ RunTime:0.021083s ]
SQL: SELECT * FROM `jz_company` WHERE ( `company_id` = 1 ) LIMIT 1   [ RunTime:0.000720s ]

[ 2013-09-26T20:07:38+08:00 ] 192.168.0.100 /ois/ois_template/showList
ERR: 无法加载模块:OisTemplate

[ 2013-09-26T20:07:45+08:00 ] 192.168.0.100 /ois/ois_interviewer/showList
ERR: 无法加载模块:OisInterviewer

[ 2013-09-26T20:08:37+08:00 ] 192.168.0.100 /cms
ERR: 无法加载模块:Cms

[ 2013-09-26T22:05:21+08:00 ] 192.168.0.100 /Company/loginDo
INFO: [ app_begin ] --START--
INFO: ReadHtmlCache Behavior ::run [ RunTime:0.001045s ]
INFO: [ app_begin ] --END-- [ RunTime:0.001239s ]
NOTIC: [8] A session had already been started - ignoring session_start() C:\wamp\www\jizhao\web\ThinkPHP\Common\functions.php 第 566 行.
SQL: SHOW COLUMNS FROM `jz_user` [ RunTime:0.005850s ]
NOTIC: 建议使用I方法替代_post
SQL: SELECT * FROM `jz_user` WHERE ( `email` = 'weiqin@vip.126.com' ) LIMIT 1   [ RunTime:0.000843s ]
NOTIC: 建议使用I方法替代_post
SQL: SHOW COLUMNS FROM `jz_company` [ RunTime:0.005610s ]
SQL: SELECT * FROM `jz_company` WHERE ( `company_id` = 1 ) LIMIT 1   [ RunTime:0.000511s ]

[ 2013-09-26T22:07:14+08:00 ] 192.168.0.100 /cms
ERR: 无法加载模块:Cms

