[ 2013-08-26T11:30:25+08:00 ] 127.0.0.1 /Company/loginDo
INFO: [ app_begin ] --START--
INFO: ReadHtmlCache Behavior ::run [ RunTime:0.001044s ]
INFO: [ app_begin ] --END-- [ RunTime:0.001231s ]
NOTIC: [8] A session had already been started - ignoring session_start() C:\wamp\www\InterWork\Web\ThinkPHP\Common\functions.php 第 566 行.
SQL: SHOW COLUMNS FROM `jz_user` [ RunTime:0.047296s ]
NOTIC: 建议使用I方法替代_post
SQL: SELECT * FROM `jz_user` WHERE ( `email` = 'weiqin@vip.126.com' ) LIMIT 1   [ RunTime:0.000524s ]
NOTIC: 建议使用I方法替代_post
SQL: SHOW COLUMNS FROM `jz_company` [ RunTime:0.016517s ]
SQL: SELECT * FROM `jz_company` WHERE ( `company_id` = 1 ) LIMIT 1   [ RunTime:0.000446s ]

[ 2013-08-26T11:32:44+08:00 ] 127.0.0.1 /rms/rms_talent/createDo.html
INFO: [ app_begin ] --START--
INFO: ReadHtmlCache Behavior ::run [ RunTime:0.001169s ]
INFO: [ app_begin ] --END-- [ RunTime:0.001367s ]
NOTIC: [8] A session had already been started - ignoring session_start() C:\wamp\www\InterWork\Web\ThinkPHP\Common\functions.php 第 566 行.
NOTIC: [8] Undefined variable: comDo C:\wamp\www\InterWork\Web\Platform\Platform\Lib\Action\Rms\RmsTalentAction.class.php 第 24 行.
NOTIC: [8] Trying to get property of non-object C:\wamp\www\InterWork\Web\Platform\Platform\Lib\Action\Rms\RmsTalentAction.class.php 第 24 行.

[ 2013-08-26T11:35:49+08:00 ] 127.0.0.1 /rms/rms_talent/createDo.html
INFO: [ app_begin ] --START--
INFO: ReadHtmlCache Behavior ::run [ RunTime:0.000931s ]
INFO: [ app_begin ] --END-- [ RunTime:0.001105s ]
NOTIC: [8] A session had already been started - ignoring session_start() C:\wamp\www\InterWork\Web\ThinkPHP\Common\functions.php 第 566 行.

[ 2013-08-26T11:37:26+08:00 ] 127.0.0.1 /rms/rms_talent/createDo.html
INFO: [ app_begin ] --START--
INFO: ReadHtmlCache Behavior ::run [ RunTime:0.002284s ]
INFO: [ app_begin ] --END-- [ RunTime:0.002478s ]
NOTIC: [8] A session had already been started - ignoring session_start() C:\wamp\www\InterWork\Web\ThinkPHP\Common\functions.php 第 566 行.

[ 2013-08-26T12:45:10+08:00 ] 127.0.0.1 /rms/rms_talent/new
ERR: 非法操作:new

[ 2013-08-26T12:45:59+08:00 ] 127.0.0.1 /sys/sys_system/companyInfoEditDo.html
INFO: [ app_begin ] --START--
INFO: ReadHtmlCache Behavior ::run [ RunTime:0.001232s ]
INFO: [ app_begin ] --END-- [ RunTime:0.001411s ]
NOTIC: [8] A session had already been started - ignoring session_start() C:\wamp\www\InterWork\Web\ThinkPHP\Common\functions.php 第 566 行.
SQL: SHOW COLUMNS FROM `jz_company` [ RunTime:0.004431s ]
SQL: SELECT * FROM `jz_company` WHERE ( `realname` = '上海维秦信息科技有限公司' ) AND ( `company_id` <> '1' ) LIMIT 1   [ RunTime:0.000631s ]
SQL: SELECT * FROM `jz_company` WHERE ( `email` = 'weiqin@vip.126.com' ) AND ( `company_id` <> '1' ) LIMIT 1   [ RunTime:0.000427s ]
SQL: UPDATE `jz_company` SET `realname`='上海维秦信息科技有限公司',`email`='weiqin@vip.126.com',`contact_name`='黄偲',`phone`='15216708847' WHERE ( `company_id` = 1 ) [ RunTime:0.075700s ]

[ 2013-08-26T12:55:11+08:00 ] 127.0.0.1 /Company/loginDo
INFO: [ app_begin ] --START--
INFO: ReadHtmlCache Behavior ::run [ RunTime:0.001234s ]
INFO: [ app_begin ] --END-- [ RunTime:0.001437s ]
NOTIC: [8] A session had already been started - ignoring session_start() C:\wamp\www\InterWork\Web\ThinkPHP\Common\functions.php 第 566 行.
SQL: SHOW COLUMNS FROM `jz_user` [ RunTime:0.005534s ]
NOTIC: 建议使用I方法替代_post
SQL: SELECT * FROM `jz_user` WHERE ( `email` = 'weiqin@vip.126.com' ) LIMIT 1   [ RunTime:0.000599s ]
NOTIC: 建议使用I方法替代_post
SQL: SHOW COLUMNS FROM `jz_company` [ RunTime:0.004119s ]
SQL: SELECT * FROM `jz_company` WHERE ( `company_id` = 1 ) LIMIT 1   [ RunTime:0.000405s ]

[ 2013-08-26T20:31:26+08:00 ] 127.0.0.1 /rms/rms_talent/new
ERR: 非法操作:new

[ 2013-08-26T20:32:00+08:00 ] 127.0.0.1 /rms/rms_talent/new
ERR: 非法操作:new

[ 2013-08-26T20:45:07+08:00 ] 127.0.0.1 /css/ois/manage.css
ERR: 无法加载模块:Css

[ 2013-08-26T20:45:55+08:00 ] 127.0.0.1 /rms/rms_talent/new
ERR: 非法操作:new

