[ 2013-10-09T13:09:29+08:00 ] 192.168.0.100 /css/bootstrap-responsive.min.css
INFO: [ route_check ] --START--
INFO: CheckRoute Behavior ::run [ RunTime:0.001872s ]
INFO: [ route_check ] --END-- [ RunTime:0.002157s ]
INFO: [ app_begin ] --START--
INFO: ReadHtmlCache Behavior ::run [ RunTime:0.001418s ]
INFO: [ app_begin ] --END-- [ RunTime:0.001690s ]
NOTIC: [8] A session had already been started - ignoring session_start() C:\wamp\www\jizhao\web\ThinkPHP\Common\functions.php 第 566 行.
ERR: 无法加载模块:Css

[ 2013-10-09T13:09:33+08:00 ] 192.168.0.100 /ois/ois_interview/showList/filter/1
INFO: [ route_check ] --START--
INFO: CheckRoute Behavior ::run [ RunTime:0.001356s ]
INFO: [ route_check ] --END-- [ RunTime:0.001591s ]
INFO: [ app_begin ] --START--
INFO: ReadHtmlCache Behavior ::run [ RunTime:0.001012s ]
INFO: [ app_begin ] --END-- [ RunTime:0.001224s ]
NOTIC: [8] A session had already been started - ignoring session_start() C:\wamp\www\jizhao\web\ThinkPHP\Common\functions.php 第 566 行.
NOTIC: [2048] Declaration of OisInterviewAction::show() should be compatible with that of Action::show() C:\wamp\www\jizhao\web\Platform\Lib\Action\Ois\OisInterviewAction.class.php 第 172 行.
NOTIC: [8] Undefined index: page C:\wamp\www\jizhao\web\Platform\Lib\Action\Ois\OisInterviewAction.class.php 第 39 行.
NOTIC: [2048] Declaration of CommonAction::show() should be compatible with that of Action::show() C:\wamp\www\jizhao\web\Platform\Lib\Action\Base\CommonAction.class.php 第 201 行.
SQL: SHOW COLUMNS FROM `jz_1_ois_interview` [ RunTime:0.005542s ]
SQL: SHOW COLUMNS FROM `jz_1_ois_interview` [ RunTime:0.005626s ]
NOTIC: [8] Undefined index: filter C:\wamp\www\jizhao\web\Platform\Lib\Model\Base\CommonModel.class.php 第 59 行.
SQL: SELECT COUNT(1) AS `count` FROM `jz_1_ois_interview` LIMIT 1   [ RunTime:0.000378s ]
SQL: SELECT * FROM `jz_1_ois_interview` ORDER BY `interview_id` DESC LIMIT 0,20   [ RunTime:0.000569s ]
INFO: [ view_parse ] --START--
NOTIC: [8] Undefined index: status_id C:\wamp\www\jizhao\web\Platform\Runtime\Cache\Ois\a3024284cfa3d977bdab6a29845e9ad0.php 第 60 行.
NOTIC: [8] Undefined index: status_id C:\wamp\www\jizhao\web\Platform\Runtime\Cache\Ois\a3024284cfa3d977bdab6a29845e9ad0.php 第 60 行.
NOTIC: [8] Undefined index: status_id C:\wamp\www\jizhao\web\Platform\Runtime\Cache\Ois\a3024284cfa3d977bdab6a29845e9ad0.php 第 60 行.
NOTIC: [8] Undefined index: status_id C:\wamp\www\jizhao\web\Platform\Runtime\Cache\Ois\a3024284cfa3d977bdab6a29845e9ad0.php 第 60 行.
NOTIC: [8] Undefined index: interview_id C:\wamp\www\jizhao\web\Platform\Runtime\Cache\Ois\a3024284cfa3d977bdab6a29845e9ad0.php 第 73 行.
NOTIC: [8] Undefined index: name C:\wamp\www\jizhao\web\Platform\Runtime\Cache\Ois\a3024284cfa3d977bdab6a29845e9ad0.php 第 73 行.
NOTIC: [8] Undefined index: talent_name C:\wamp\www\jizhao\web\Platform\Runtime\Cache\Ois\a3024284cfa3d977bdab6a29845e9ad0.php 第 73 行.
NOTIC: [8] Undefined index: interviewer_name C:\wamp\www\jizhao\web\Platform\Runtime\Cache\Ois\a3024284cfa3d977bdab6a29845e9ad0.php 第 73 行.
NOTIC: [8] Undefined index: start_time_int_s C:\wamp\www\jizhao\web\Platform\Runtime\Cache\Ois\a3024284cfa3d977bdab6a29845e9ad0.php 第 85 行.
NOTIC: [8] Undefined index: start_time_int_e C:\wamp\www\jizhao\web\Platform\Runtime\Cache\Ois\a3024284cfa3d977bdab6a29845e9ad0.php 第 87 行.
NOTIC: [8] Undefined index: real_start_time_int_s C:\wamp\www\jizhao\web\Platform\Runtime\Cache\Ois\a3024284cfa3d977bdab6a29845e9ad0.php 第 85 行.
NOTIC: [8] Undefined index: real_start_time_int_e C:\wamp\www\jizhao\web\Platform\Runtime\Cache\Ois\a3024284cfa3d977bdab6a29845e9ad0.php 第 87 行.
NOTIC: [8] Undefined index: real_end_time_int_s C:\wamp\www\jizhao\web\Platform\Runtime\Cache\Ois\a3024284cfa3d977bdab6a29845e9ad0.php 第 85 行.
NOTIC: [8] Undefined index: real_end_time_int_e C:\wamp\www\jizhao\web\Platform\Runtime\Cache\Ois\a3024284cfa3d977bdab6a29845e9ad0.php 第 87 行.
NOTIC: [8] Undefined variable: interview C:\wamp\www\jizhao\web\Platform\Runtime\Cache\Ois\a3024284cfa3d977bdab6a29845e9ad0.php 第 169 行.
NOTIC: [8] Undefined variable: interview C:\wamp\www\jizhao\web\Platform\Runtime\Cache\Ois\a3024284cfa3d977bdab6a29845e9ad0.php 第 169 行.
NOTIC: [8] Undefined variable: interview C:\wamp\www\jizhao\web\Platform\Runtime\Cache\Ois\a3024284cfa3d977bdab6a29845e9ad0.php 第 169 行.
NOTIC: [8] Undefined variable: interview C:\wamp\www\jizhao\web\Platform\Runtime\Cache\Ois\a3024284cfa3d977bdab6a29845e9ad0.php 第 169 行.
NOTIC: [8] Undefined variable: interview C:\wamp\www\jizhao\web\Platform\Runtime\Cache\Ois\a3024284cfa3d977bdab6a29845e9ad0.php 第 169 行.
NOTIC: [8] Undefined variable: interview C:\wamp\www\jizhao\web\Platform\Runtime\Cache\Ois\a3024284cfa3d977bdab6a29845e9ad0.php 第 169 行.
NOTIC: [8] Undefined variable: interview C:\wamp\www\jizhao\web\Platform\Runtime\Cache\Ois\a3024284cfa3d977bdab6a29845e9ad0.php 第 169 行.
NOTIC: [8] Undefined variable: interview C:\wamp\www\jizhao\web\Platform\Runtime\Cache\Ois\a3024284cfa3d977bdab6a29845e9ad0.php 第 169 行.
NOTIC: [8] Undefined variable: interview C:\wamp\www\jizhao\web\Platform\Runtime\Cache\Ois\a3024284cfa3d977bdab6a29845e9ad0.php 第 169 行.
NOTIC: [8] Undefined variable: interview C:\wamp\www\jizhao\web\Platform\Runtime\Cache\Ois\a3024284cfa3d977bdab6a29845e9ad0.php 第 169 行.
NOTIC: [8] Undefined variable: interview C:\wamp\www\jizhao\web\Platform\Runtime\Cache\Ois\a3024284cfa3d977bdab6a29845e9ad0.php 第 169 行.
NOTIC: [8] Undefined variable: interview C:\wamp\www\jizhao\web\Platform\Runtime\Cache\Ois\a3024284cfa3d977bdab6a29845e9ad0.php 第 169 行.
NOTIC: [8] Undefined variable: interview C:\wamp\www\jizhao\web\Platform\Runtime\Cache\Ois\a3024284cfa3d977bdab6a29845e9ad0.php 第 169 行.
NOTIC: [8] Undefined variable: interview C:\wamp\www\jizhao\web\Platform\Runtime\Cache\Ois\a3024284cfa3d977bdab6a29845e9ad0.php 第 169 行.
NOTIC: [8] Undefined variable: interview C:\wamp\www\jizhao\web\Platform\Runtime\Cache\Ois\a3024284cfa3d977bdab6a29845e9ad0.php 第 169 行.
NOTIC: [8] Undefined variable: interview C:\wamp\www\jizhao\web\Platform\Runtime\Cache\Ois\a3024284cfa3d977bdab6a29845e9ad0.php 第 169 行.
NOTIC: [8] Undefined variable: interview C:\wamp\www\jizhao\web\Platform\Runtime\Cache\Ois\a3024284cfa3d977bdab6a29845e9ad0.php 第 169 行.
NOTIC: [8] Undefined variable: interview C:\wamp\www\jizhao\web\Platform\Runtime\Cache\Ois\a3024284cfa3d977bdab6a29845e9ad0.php 第 169 行.
NOTIC: [8] Undefined variable: interview C:\wamp\www\jizhao\web\Platform\Runtime\Cache\Ois\a3024284cfa3d977bdab6a29845e9ad0.php 第 169 行.
NOTIC: [8] Undefined variable: interview C:\wamp\www\jizhao\web\Platform\Runtime\Cache\Ois\a3024284cfa3d977bdab6a29845e9ad0.php 第 169 行.
NOTIC: [8] Undefined variable: interview C:\wamp\www\jizhao\web\Platform\Runtime\Cache\Ois\a3024284cfa3d977bdab6a29845e9ad0.php 第 169 行.
INFO: ParseTemplate Behavior ::run [ RunTime:0.033797s ]
INFO: [ view_parse ] --END-- [ RunTime:0.034011s ]
INFO: [ view_filter ] --START--
INFO: ContentReplace Behavior ::run [ RunTime:0.001379s ]
INFO: TokenBuild Behavior ::run [ RunTime:0.000994s ]
INFO: WriteHtmlCache Behavior ::run [ RunTime:0.001391s ]
INFO: ShowRuntime Behavior ::run [ RunTime:0.001426s ]
INFO: [ view_filter ] --END-- [ RunTime:0.005829s ]
INFO: [ view_end ] --START--
INFO: ShowPageTrace Behavior ::run [ RunTime:0.001236s ]
INFO: [ view_end ] --END-- [ RunTime:0.001436s ]

[ 2013-10-09T13:09:33+08:00 ] 192.168.0.100 /css/bootstrap-responsive.min.css
INFO: [ route_check ] --START--
INFO: CheckRoute Behavior ::run [ RunTime:0.001371s ]
INFO: [ route_check ] --END-- [ RunTime:0.001686s ]
INFO: [ app_begin ] --START--
INFO: ReadHtmlCache Behavior ::run [ RunTime:0.000992s ]
INFO: [ app_begin ] --END-- [ RunTime:0.001213s ]
NOTIC: [8] A session had already been started - ignoring session_start() C:\wamp\www\jizhao\web\ThinkPHP\Common\functions.php 第 566 行.
ERR: 无法加载模块:Css

